{
  "E:\\play-element\\packages\\hooks\\index.ts": {
    "path": "E:\\play-element\\packages\\hooks\\index.ts",
    "all": false,
    "statementMap": {
      "0": {
        "start": { "line": 1, "column": 0 },
        "end": { "line": 1, "column": 48 }
      },
      "1": {
        "start": { "line": 2, "column": 0 },
        "end": { "line": 2, "column": 50 }
      },
      "2": {
        "start": { "line": 3, "column": 0 },
        "end": { "line": 3, "column": 0 }
      },
      "3": {
        "start": { "line": 4, "column": 0 },
        "end": { "line": 4, "column": 41 }
      }
    },
    "s": { "0": 1, "1": 1, "2": 1, "3": 1 },
    "branchMap": {},
    "b": {},
    "fnMap": {},
    "f": {}
  },
  "E:\\play-element\\packages\\hooks\\useClickOutside.ts": {
    "path": "E:\\play-element\\packages\\hooks\\useClickOutside.ts",
    "all": false,
    "statementMap": {
      "0": {
        "start": { "line": 1, "column": 0 },
        "end": { "line": 1, "column": 30 }
      },
      "1": {
        "start": { "line": 2, "column": 0 },
        "end": { "line": 2, "column": 49 }
      },
      "2": {
        "start": { "line": 3, "column": 0 },
        "end": { "line": 3, "column": 0 }
      },
      "3": {
        "start": { "line": 4, "column": 0 },
        "end": { "line": 4, "column": 41 }
      },
      "4": {
        "start": { "line": 5, "column": 0 },
        "end": { "line": 5, "column": 38 }
      },
      "5": {
        "start": { "line": 6, "column": 0 },
        "end": { "line": 6, "column": 35 }
      },
      "6": {
        "start": { "line": 7, "column": 0 },
        "end": { "line": 7, "column": 3 }
      },
      "7": {
        "start": { "line": 8, "column": 0 },
        "end": { "line": 8, "column": 53 }
      },
      "8": {
        "start": { "line": 9, "column": 0 },
        "end": { "line": 9, "column": 39 }
      },
      "9": {
        "start": { "line": 10, "column": 0 },
        "end": { "line": 10, "column": 25 }
      },
      "10": {
        "start": { "line": 11, "column": 0 },
        "end": { "line": 11, "column": 64 }
      },
      "11": {
        "start": { "line": 12, "column": 0 },
        "end": { "line": 12, "column": 33 }
      },
      "12": {
        "start": { "line": 13, "column": 0 },
        "end": { "line": 13, "column": 7 }
      },
      "13": {
        "start": { "line": 14, "column": 0 },
        "end": { "line": 14, "column": 5 }
      },
      "14": {
        "start": { "line": 15, "column": 0 },
        "end": { "line": 15, "column": 4 }
      },
      "15": {
        "start": { "line": 16, "column": 0 },
        "end": { "line": 16, "column": 1 }
      }
    },
    "s": {
      "0": 1,
      "1": 1,
      "2": 1,
      "3": 1,
      "4": 1,
      "5": 1,
      "6": 1,
      "7": 1,
      "8": 1,
      "9": 1,
      "10": 1,
      "11": 1,
      "12": 1,
      "13": 1,
      "14": 1,
      "15": 1
    },
    "branchMap": {
      "0": {
        "type": "branch",
        "line": 4,
        "loc": {
          "start": { "line": 4, "column": 0 },
          "end": { "line": 16, "column": 1 }
        },
        "locations": [
          {
            "start": { "line": 4, "column": 0 },
            "end": { "line": 16, "column": 1 }
          }
        ]
      },
      "1": {
        "type": "branch",
        "line": 8,
        "loc": {
          "start": { "line": 8, "column": 38 },
          "end": { "line": 15, "column": 3 }
        },
        "locations": [
          {
            "start": { "line": 8, "column": 38 },
            "end": { "line": 15, "column": 3 }
          }
        ]
      }
    },
    "b": { "0": [1], "1": [1] },
    "fnMap": {
      "0": {
        "name": "useClickOutside",
        "decl": {
          "start": { "line": 4, "column": 0 },
          "end": { "line": 16, "column": 1 }
        },
        "loc": {
          "start": { "line": 4, "column": 0 },
          "end": { "line": 16, "column": 1 }
        },
        "line": 4
      }
    },
    "f": { "0": 1 }
  },
  "E:\\play-element\\packages\\hooks\\useEventListener.ts": {
    "path": "E:\\play-element\\packages\\hooks\\useEventListener.ts",
    "all": false,
    "statementMap": {
      "0": {
        "start": { "line": 1, "column": 0 },
        "end": { "line": 1, "column": 8 }
      },
      "1": {
        "start": { "line": 2, "column": 0 },
        "end": { "line": 2, "column": 8 }
      },
      "2": {
        "start": { "line": 3, "column": 0 },
        "end": { "line": 3, "column": 14 }
      },
      "3": {
        "start": { "line": 4, "column": 0 },
        "end": { "line": 4, "column": 20 }
      },
      "4": {
        "start": { "line": 5, "column": 0 },
        "end": { "line": 5, "column": 10 }
      },
      "5": {
        "start": { "line": 6, "column": 0 },
        "end": { "line": 6, "column": 10 }
      },
      "6": {
        "start": { "line": 7, "column": 0 },
        "end": { "line": 7, "column": 10 }
      },
      "7": {
        "start": { "line": 8, "column": 0 },
        "end": { "line": 8, "column": 18 }
      },
      "8": {
        "start": { "line": 9, "column": 0 },
        "end": { "line": 9, "column": 15 }
      },
      "9": {
        "start": { "line": 10, "column": 0 },
        "end": { "line": 10, "column": 2 }
      },
      "10": {
        "start": { "line": 11, "column": 0 },
        "end": { "line": 11, "column": 43 }
      },
      "11": {
        "start": { "line": 12, "column": 0 },
        "end": { "line": 12, "column": 55 }
      },
      "12": {
        "start": { "line": 13, "column": 0 },
        "end": { "line": 13, "column": 18 }
      },
      "13": {
        "start": { "line": 14, "column": 0 },
        "end": { "line": 14, "column": 30 }
      },
      "14": {
        "start": { "line": 15, "column": 0 },
        "end": { "line": 15, "column": 5 }
      },
      "15": {
        "start": { "line": 16, "column": 0 },
        "end": { "line": 16, "column": 24 }
      },
      "16": {
        "start": { "line": 17, "column": 0 },
        "end": { "line": 17, "column": 38 }
      },
      "17": {
        "start": { "line": 18, "column": 0 },
        "end": { "line": 18, "column": 52 }
      },
      "18": {
        "start": { "line": 19, "column": 0 },
        "end": { "line": 19, "column": 46 }
      },
      "19": {
        "start": { "line": 20, "column": 0 },
        "end": { "line": 20, "column": 9 }
      },
      "20": {
        "start": { "line": 21, "column": 0 },
        "end": { "line": 21, "column": 12 }
      },
      "21": {
        "start": { "line": 22, "column": 0 },
        "end": { "line": 22, "column": 64 }
      },
      "22": {
        "start": { "line": 23, "column": 0 },
        "end": { "line": 23, "column": 5 }
      },
      "23": {
        "start": { "line": 24, "column": 0 },
        "end": { "line": 24, "column": 2 }
      },
      "24": {
        "start": { "line": 25, "column": 0 },
        "end": { "line": 25, "column": 78 }
      },
      "25": {
        "start": { "line": 26, "column": 0 },
        "end": { "line": 26, "column": 3 }
      }
    },
    "s": {
      "0": 1,
      "1": 1,
      "2": 1,
      "3": 1,
      "4": 1,
      "5": 1,
      "6": 1,
      "7": 1,
      "8": 1,
      "9": 1,
      "10": 1,
      "11": 3,
      "12": 3,
      "13": 3,
      "14": 3,
      "15": 3,
      "16": 1,
      "17": 2,
      "18": 2,
      "19": 1,
      "20": 2,
      "21": 2,
      "22": 2,
      "23": 3,
      "24": 3,
      "25": 3
    },
    "branchMap": {
      "0": {
        "type": "branch",
        "line": 11,
        "loc": {
          "start": { "line": 11, "column": 2 },
          "end": { "line": 26, "column": 3 }
        },
        "locations": [
          {
            "start": { "line": 11, "column": 2 },
            "end": { "line": 26, "column": 3 }
          }
        ]
      },
      "1": {
        "type": "branch",
        "line": 16,
        "loc": {
          "start": { "line": 16, "column": 23 },
          "end": { "line": 23, "column": 5 }
        },
        "locations": [
          {
            "start": { "line": 16, "column": 23 },
            "end": { "line": 23, "column": 5 }
          }
        ]
      },
      "2": {
        "type": "branch",
        "line": 16,
        "loc": {
          "start": { "line": 16, "column": 23 },
          "end": { "line": 21, "column": 11 }
        },
        "locations": [
          {
            "start": { "line": 16, "column": 23 },
            "end": { "line": 21, "column": 11 }
          }
        ]
      },
      "3": {
        "type": "branch",
        "line": 17,
        "loc": {
          "start": { "line": 17, "column": 20 },
          "end": { "line": 20, "column": 7 }
        },
        "locations": [
          {
            "start": { "line": 17, "column": 20 },
            "end": { "line": 20, "column": 7 }
          }
        ]
      },
      "4": {
        "type": "branch",
        "line": 18,
        "loc": {
          "start": { "line": 18, "column": 8 },
          "end": { "line": 18, "column": 36 }
        },
        "locations": [
          {
            "start": { "line": 18, "column": 8 },
            "end": { "line": 18, "column": 36 }
          }
        ]
      },
      "5": {
        "type": "branch",
        "line": 22,
        "loc": {
          "start": { "line": 22, "column": 16 },
          "end": { "line": 22, "column": 62 }
        },
        "locations": [
          {
            "start": { "line": 22, "column": 16 },
            "end": { "line": 22, "column": 62 }
          }
        ]
      },
      "6": {
        "type": "branch",
        "line": 25,
        "loc": {
          "start": { "line": 25, "column": 20 },
          "end": { "line": 25, "column": 76 }
        },
        "locations": [
          {
            "start": { "line": 25, "column": 20 },
            "end": { "line": 25, "column": 76 }
          }
        ]
      }
    },
    "b": {
      "0": [3],
      "1": [2],
      "2": [1],
      "3": [2],
      "4": [1],
      "5": [2],
      "6": [1]
    },
    "fnMap": {
      "0": {
        "name": "useEventListener",
        "decl": {
          "start": { "line": 11, "column": 2 },
          "end": { "line": 26, "column": 3 }
        },
        "loc": {
          "start": { "line": 11, "column": 2 },
          "end": { "line": 26, "column": 3 }
        },
        "line": 11
      }
    },
    "f": { "0": 3 }
  }
}
