{"E:\\play-element\\packages\\components\\index.ts": {"path":"E:\\play-element\\packages\\components\\index.ts","all":false,"statementMap":{"0":{"start":{"line":1,"column":0},"end":{"line":1,"column":24}},"1":{"start":{"line":2,"column":0},"end":{"line":2,"column":22}},"2":{"start":{"line":3,"column":0},"end":{"line":3,"column":26}},"3":{"start":{"line":4,"column":0},"end":{"line":4,"column":23}},"4":{"start":{"line":5,"column":0},"end":{"line":5,"column":25}},"5":{"start":{"line":6,"column":0},"end":{"line":6,"column":28}}},"s":{"0":1,"1":1,"2":1,"3":1,"4":1,"5":1},"branchMap":{},"b":{},"fnMap":{},"f":{}}
,"E:\\play-element\\packages\\components\\Alert\\Alert.vue": {"path":"E:\\play-element\\packages\\components\\Alert\\Alert.vue","all":false,"statementMap":{"0":{"start":{"line":1,"column":0},"end":{"line":1,"column":24}},"1":{"start":{"line":2,"column":0},"end":{"line":2,"column":69}},"2":{"start":{"line":3,"column":0},"end":{"line":3,"column":46}},"3":{"start":{"line":4,"column":0},"end":{"line":4,"column":50}},"4":{"start":{"line":5,"column":0},"end":{"line":5,"column":38}},"5":{"start":{"line":6,"column":0},"end":{"line":6,"column":15}},"6":{"start":{"line":7,"column":0},"end":{"line":7,"column":18}},"7":{"start":{"line":8,"column":0},"end":{"line":8,"column":3}},"8":{"start":{"line":9,"column":0},"end":{"line":9,"column":55}},"9":{"start":{"line":10,"column":0},"end":{"line":10,"column":18}},"10":{"start":{"line":11,"column":0},"end":{"line":11,"column":15}},"11":{"start":{"line":12,"column":0},"end":{"line":12,"column":17}},"12":{"start":{"line":13,"column":0},"end":{"line":13,"column":3}},"13":{"start":{"line":14,"column":0},"end":{"line":14,"column":40}},"14":{"start":{"line":15,"column":0},"end":{"line":15,"column":25}},"15":{"start":{"line":16,"column":0},"end":{"line":16,"column":0}},"16":{"start":{"line":17,"column":0},"end":{"line":17,"column":26}},"17":{"start":{"line":18,"column":0},"end":{"line":18,"column":12}},"18":{"start":{"line":19,"column":0},"end":{"line":19,"column":78}},"19":{"start":{"line":20,"column":0},"end":{"line":20,"column":75}},"20":{"start":{"line":21,"column":0},"end":{"line":21,"column":0}},"21":{"start":{"line":22,"column":0},"end":{"line":22,"column":18}},"22":{"start":{"line":23,"column":0},"end":{"line":23,"column":24}},"23":{"start":{"line":24,"column":0},"end":{"line":24,"column":17}},"24":{"start":{"line":25,"column":0},"end":{"line":25,"column":1}},"25":{"start":{"line":26,"column":0},"end":{"line":26,"column":0}},"26":{"start":{"line":27,"column":0},"end":{"line":27,"column":17}},"27":{"start":{"line":28,"column":0},"end":{"line":28,"column":23}},"28":{"start":{"line":29,"column":0},"end":{"line":29,"column":1}},"29":{"start":{"line":30,"column":0},"end":{"line":30,"column":9}},"30":{"start":{"line":31,"column":0},"end":{"line":31,"column":0}},"31":{"start":{"line":32,"column":0},"end":{"line":32,"column":10}},"32":{"start":{"line":33,"column":0},"end":{"line":33,"column":35}},"33":{"start":{"line":34,"column":0},"end":{"line":34,"column":8}},"34":{"start":{"line":35,"column":0},"end":{"line":35,"column":22}},"35":{"start":{"line":36,"column":0},"end":{"line":36,"column":22}},"36":{"start":{"line":37,"column":0},"end":{"line":37,"column":18}},"37":{"start":{"line":38,"column":0},"end":{"line":38,"column":15}},"38":{"start":{"line":39,"column":0},"end":{"line":39,"column":36}},"39":{"start":{"line":40,"column":0},"end":{"line":40,"column":40}},"40":{"start":{"line":41,"column":0},"end":{"line":41,"column":30}},"41":{"start":{"line":42,"column":0},"end":{"line":42,"column":8}},"42":{"start":{"line":43,"column":0},"end":{"line":43,"column":5}},"43":{"start":{"line":44,"column":0},"end":{"line":44,"column":14}},"44":{"start":{"line":45,"column":0},"end":{"line":45,"column":23}},"45":{"start":{"line":46,"column":0},"end":{"line":46,"column":30}},"46":{"start":{"line":47,"column":0},"end":{"line":47,"column":48}},"47":{"start":{"line":48,"column":0},"end":{"line":48,"column":24}},"48":{"start":{"line":49,"column":0},"end":{"line":49,"column":8}},"49":{"start":{"line":50,"column":0},"end":{"line":50,"column":37}},"50":{"start":{"line":51,"column":0},"end":{"line":51,"column":13}},"51":{"start":{"line":52,"column":0},"end":{"line":52,"column":33}},"52":{"start":{"line":53,"column":0},"end":{"line":53,"column":51}},"53":{"start":{"line":54,"column":0},"end":{"line":54,"column":71}},"54":{"start":{"line":55,"column":0},"end":{"line":55,"column":9}},"55":{"start":{"line":56,"column":0},"end":{"line":56,"column":47}},"56":{"start":{"line":57,"column":0},"end":{"line":57,"column":15}},"57":{"start":{"line":58,"column":0},"end":{"line":58,"column":41}},"58":{"start":{"line":59,"column":0},"end":{"line":59,"column":40}},"59":{"start":{"line":60,"column":0},"end":{"line":60,"column":12}},"60":{"start":{"line":61,"column":0},"end":{"line":61,"column":53}},"61":{"start":{"line":62,"column":0},"end":{"line":62,"column":32}},"62":{"start":{"line":63,"column":0},"end":{"line":63,"column":54}},"63":{"start":{"line":64,"column":0},"end":{"line":64,"column":14}},"64":{"start":{"line":65,"column":0},"end":{"line":65,"column":12}},"65":{"start":{"line":66,"column":0},"end":{"line":66,"column":10}},"66":{"start":{"line":67,"column":0},"end":{"line":67,"column":15}},"67":{"start":{"line":68,"column":0},"end":{"line":68,"column":11}},"68":{"start":{"line":69,"column":0},"end":{"line":69,"column":0}},"69":{"start":{"line":70,"column":0},"end":{"line":70,"column":14}},"70":{"start":{"line":71,"column":0},"end":{"line":71,"column":22}},"71":{"start":{"line":72,"column":0},"end":{"line":72,"column":8}}},"s":{"0":10,"1":1,"2":1,"3":1,"4":1,"5":1,"6":1,"7":1,"8":1,"9":1,"10":1,"11":1,"12":1,"13":1,"14":1,"15":1,"16":1,"17":1,"18":1,"19":1,"20":1,"21":2,"22":2,"23":2,"24":2,"25":1,"26":1,"27":1,"28":1,"29":1,"30":1,"31":1,"32":1,"33":1,"34":1,"35":1,"36":1,"37":1,"38":1,"39":1,"40":1,"41":1,"42":1,"43":1,"44":1,"45":6,"46":6,"47":6,"48":1,"49":1,"50":1,"51":1,"52":1,"53":1,"54":1,"55":1,"56":1,"57":1,"58":1,"59":1,"60":1,"61":1,"62":1,"63":1,"64":1,"65":1,"66":1,"67":1,"68":1,"69":1,"70":1,"71":1},"branchMap":{"0":{"type":"branch","line":19,"loc":{"start":{"line":19,"column":26},"end":{"line":19,"column":76}},"locations":[{"start":{"line":19,"column":26},"end":{"line":19,"column":76}}]},"1":{"type":"branch","line":19,"loc":{"start":{"line":19,"column":58},"end":{"line":19,"column":76}},"locations":[{"start":{"line":19,"column":58},"end":{"line":19,"column":76}}]},"2":{"type":"branch","line":20,"loc":{"start":{"line":20,"column":33},"end":{"line":20,"column":73}},"locations":[{"start":{"line":20,"column":33},"end":{"line":20,"column":73}}]},"3":{"type":"branch","line":20,"loc":{"start":{"line":20,"column":45},"end":{"line":20,"column":73}},"locations":[{"start":{"line":20,"column":45},"end":{"line":20,"column":73}}]},"4":{"type":"branch","line":22,"loc":{"start":{"line":22,"column":0},"end":{"line":25,"column":1}},"locations":[{"start":{"line":22,"column":0},"end":{"line":25,"column":1}}]},"5":{"type":"branch","line":27,"loc":{"start":{"line":27,"column":0},"end":{"line":29,"column":1}},"locations":[{"start":{"line":27,"column":0},"end":{"line":29,"column":1}}]},"6":{"type":"branch","line":45,"loc":{"start":{"line":45,"column":14},"end":{"line":48,"column":24}},"locations":[{"start":{"line":45,"column":14},"end":{"line":48,"column":24}}]},"7":{"type":"branch","line":48,"loc":{"start":{"line":48,"column":15},"end":{"line":48,"column":24}},"locations":[{"start":{"line":48,"column":15},"end":{"line":48,"column":24}}]},"8":{"type":"branch","line":54,"loc":{"start":{"line":54,"column":29},"end":{"line":54,"column":48}},"locations":[{"start":{"line":54,"column":29},"end":{"line":54,"column":48}}]},"9":{"type":"branch","line":54,"loc":{"start":{"line":54,"column":40},"end":{"line":54,"column":71}},"locations":[{"start":{"line":54,"column":40},"end":{"line":54,"column":71}}]},"10":{"type":"branch","line":54,"loc":{"start":{"line":54,"column":48},"end":{"line":54,"column":71}},"locations":[{"start":{"line":54,"column":48},"end":{"line":54,"column":71}}]},"11":{"type":"branch","line":1,"loc":{"start":{"line":1,"column":0},"end":{"line":1,"column":24}},"locations":[{"start":{"line":1,"column":0},"end":{"line":1,"column":24}}]},"12":{"type":"branch","line":56,"loc":{"start":{"line":56,"column":10},"end":{"line":56,"column":47}},"locations":[{"start":{"line":56,"column":10},"end":{"line":56,"column":47}}]}},"b":{"0":[6],"1":[1],"2":[13],"3":[11],"4":[2],"5":[1],"6":[6],"7":[10],"8":[1],"9":[1],"10":[15],"11":[10],"12":[15]},"fnMap":{"0":{"name":"close","decl":{"start":{"line":22,"column":0},"end":{"line":25,"column":1}},"loc":{"start":{"line":22,"column":0},"end":{"line":25,"column":1}},"line":22},"1":{"name":"open","decl":{"start":{"line":27,"column":0},"end":{"line":29,"column":1}},"loc":{"start":{"line":27,"column":0},"end":{"line":29,"column":1}},"line":27}},"f":{"0":2,"1":1}}
,"E:\\play-element\\packages\\components\\Alert\\index.ts": {"path":"E:\\play-element\\packages\\components\\Alert\\index.ts","all":false,"statementMap":{"0":{"start":{"line":1,"column":0},"end":{"line":1,"column":32}},"1":{"start":{"line":2,"column":0},"end":{"line":2,"column":50}},"2":{"start":{"line":3,"column":0},"end":{"line":3,"column":0}},"3":{"start":{"line":4,"column":0},"end":{"line":4,"column":42}},"4":{"start":{"line":5,"column":0},"end":{"line":5,"column":24}}},"s":{"0":1,"1":1,"2":1,"3":1,"4":1},"branchMap":{},"b":{},"fnMap":{},"f":{}}
,"E:\\play-element\\packages\\components\\Alert\\types.ts": {"path":"E:\\play-element\\packages\\components\\Alert\\types.ts","all":false,"statementMap":{"0":{"start":{"line":1,"column":0},"end":{"line":1,"column":66}},"1":{"start":{"line":2,"column":0},"end":{"line":2,"column":0}},"2":{"start":{"line":3,"column":0},"end":{"line":3,"column":29}},"3":{"start":{"line":4,"column":0},"end":{"line":4,"column":19}},"4":{"start":{"line":5,"column":0},"end":{"line":5,"column":21}},"5":{"start":{"line":6,"column":0},"end":{"line":6,"column":25}},"6":{"start":{"line":7,"column":0},"end":{"line":7,"column":30}},"7":{"start":{"line":8,"column":0},"end":{"line":8,"column":23}},"8":{"start":{"line":9,"column":0},"end":{"line":9,"column":21}},"9":{"start":{"line":10,"column":0},"end":{"line":10,"column":23}},"10":{"start":{"line":11,"column":0},"end":{"line":11,"column":3}},"11":{"start":{"line":12,"column":0},"end":{"line":12,"column":2}},"12":{"start":{"line":13,"column":0},"end":{"line":13,"column":31}},"13":{"start":{"line":14,"column":0},"end":{"line":14,"column":23}},"14":{"start":{"line":15,"column":0},"end":{"line":15,"column":3}},"15":{"start":{"line":16,"column":0},"end":{"line":16,"column":2}},"16":{"start":{"line":17,"column":0},"end":{"line":17,"column":34}},"17":{"start":{"line":18,"column":0},"end":{"line":18,"column":17}},"18":{"start":{"line":19,"column":0},"end":{"line":19,"column":18}},"19":{"start":{"line":20,"column":0},"end":{"line":20,"column":3}}},"s":{"0":1,"1":1,"2":1,"3":1,"4":1,"5":1,"6":1,"7":1,"8":1,"9":1,"10":1,"11":1,"12":1,"13":1,"14":1,"15":1,"16":1,"17":1,"18":1,"19":1},"branchMap":{},"b":{},"fnMap":{},"f":{}}
,"E:\\play-element\\packages\\components\\Button\\Button.vue": {"path":"E:\\play-element\\packages\\components\\Button\\Button.vue","all":false,"statementMap":{"0":{"start":{"line":1,"column":0},"end":{"line":1,"column":24}},"1":{"start":{"line":2,"column":0},"end":{"line":2,"column":43}},"2":{"start":{"line":3,"column":0},"end":{"line":3,"column":70}},"3":{"start":{"line":4,"column":0},"end":{"line":4,"column":34}},"4":{"start":{"line":5,"column":0},"end":{"line":5,"column":50}},"5":{"start":{"line":6,"column":0},"end":{"line":6,"column":40}},"6":{"start":{"line":7,"column":0},"end":{"line":7,"column":0}},"7":{"start":{"line":8,"column":0},"end":{"line":8,"column":15}},"8":{"start":{"line":9,"column":0},"end":{"line":9,"column":19}},"9":{"start":{"line":10,"column":0},"end":{"line":10,"column":3}},"10":{"start":{"line":11,"column":0},"end":{"line":11,"column":56}},"11":{"start":{"line":12,"column":0},"end":{"line":12,"column":16}},"12":{"start":{"line":13,"column":0},"end":{"line":13,"column":23}},"13":{"start":{"line":14,"column":0},"end":{"line":14,"column":19}},"14":{"start":{"line":15,"column":0},"end":{"line":15,"column":30}},"15":{"start":{"line":16,"column":0},"end":{"line":16,"column":3}},"16":{"start":{"line":17,"column":0},"end":{"line":17,"column":0}},"17":{"start":{"line":18,"column":0},"end":{"line":18,"column":41}},"18":{"start":{"line":19,"column":0},"end":{"line":19,"column":28}},"19":{"start":{"line":20,"column":0},"end":{"line":20,"column":48}},"20":{"start":{"line":21,"column":0},"end":{"line":21,"column":56}},"21":{"start":{"line":22,"column":0},"end":{"line":22,"column":55}},"22":{"start":{"line":23,"column":0},"end":{"line":23,"column":71}},"23":{"start":{"line":24,"column":0},"end":{"line":24,"column":38}},"24":{"start":{"line":25,"column":0},"end":{"line":25,"column":57}},"25":{"start":{"line":26,"column":0},"end":{"line":26,"column":96}},"26":{"start":{"line":27,"column":0},"end":{"line":27,"column":67}},"27":{"start":{"line":28,"column":0},"end":{"line":28,"column":30}},"28":{"start":{"line":29,"column":0},"end":{"line":29,"column":11}},"29":{"start":{"line":30,"column":0},"end":{"line":30,"column":11}},"30":{"start":{"line":31,"column":0},"end":{"line":31,"column":7}},"31":{"start":{"line":32,"column":0},"end":{"line":32,"column":6}},"32":{"start":{"line":33,"column":0},"end":{"line":33,"column":0}},"33":{"start":{"line":34,"column":0},"end":{"line":34,"column":3}},"34":{"start":{"line":35,"column":0},"end":{"line":35,"column":9}},"35":{"start":{"line":36,"column":0},"end":{"line":36,"column":10}},"36":{"start":{"line":37,"column":0},"end":{"line":37,"column":12}},"37":{"start":{"line":38,"column":0},"end":{"line":38,"column":13}},"38":{"start":{"line":39,"column":0},"end":{"line":39,"column":28}},"39":{"start":{"line":40,"column":0},"end":{"line":40,"column":14}},"40":{"start":{"line":41,"column":0},"end":{"line":41,"column":21}},"41":{"start":{"line":42,"column":0},"end":{"line":42,"column":52}},"42":{"start":{"line":43,"column":0},"end":{"line":43,"column":50}},"43":{"start":{"line":44,"column":0},"end":{"line":44,"column":37}},"44":{"start":{"line":45,"column":0},"end":{"line":45,"column":13}},"45":{"start":{"line":46,"column":0},"end":{"line":46,"column":35}},"46":{"start":{"line":47,"column":0},"end":{"line":47,"column":35}},"47":{"start":{"line":48,"column":0},"end":{"line":48,"column":24}},"48":{"start":{"line":49,"column":0},"end":{"line":49,"column":24}},"49":{"start":{"line":50,"column":0},"end":{"line":50,"column":26}},"50":{"start":{"line":51,"column":0},"end":{"line":51,"column":30}},"51":{"start":{"line":52,"column":0},"end":{"line":52,"column":28}},"52":{"start":{"line":53,"column":0},"end":{"line":53,"column":6}},"53":{"start":{"line":54,"column":0},"end":{"line":54,"column":85}},"54":{"start":{"line":55,"column":0},"end":{"line":55,"column":4}},"55":{"start":{"line":56,"column":0},"end":{"line":56,"column":3}},"56":{"start":{"line":57,"column":0},"end":{"line":57,"column":3}},"57":{"start":{"line":58,"column":0},"end":{"line":58,"column":27}},"58":{"start":{"line":59,"column":0},"end":{"line":59,"column":25}},"59":{"start":{"line":60,"column":0},"end":{"line":60,"column":14}},"60":{"start":{"line":61,"column":0},"end":{"line":61,"column":30}},"61":{"start":{"line":62,"column":0},"end":{"line":62,"column":42}},"62":{"start":{"line":63,"column":0},"end":{"line":63,"column":28}},"63":{"start":{"line":64,"column":0},"end":{"line":64,"column":19}},"64":{"start":{"line":65,"column":0},"end":{"line":65,"column":14}},"65":{"start":{"line":66,"column":0},"end":{"line":66,"column":10}},"66":{"start":{"line":67,"column":0},"end":{"line":67,"column":11}},"67":{"start":{"line":68,"column":0},"end":{"line":68,"column":13}},"68":{"start":{"line":69,"column":0},"end":{"line":69,"column":78}},"69":{"start":{"line":70,"column":0},"end":{"line":70,"column":3}},"70":{"start":{"line":71,"column":0},"end":{"line":71,"column":12}},"71":{"start":{"line":72,"column":0},"end":{"line":72,"column":17}},"72":{"start":{"line":73,"column":0},"end":{"line":73,"column":14}},"73":{"start":{"line":74,"column":0},"end":{"line":74,"column":11}},"74":{"start":{"line":75,"column":0},"end":{"line":75,"column":0}},"75":{"start":{"line":76,"column":0},"end":{"line":76,"column":14}},"76":{"start":{"line":77,"column":0},"end":{"line":77,"column":21}},"77":{"start":{"line":78,"column":0},"end":{"line":78,"column":8}}},"s":{"0":36,"1":1,"2":1,"3":1,"4":1,"5":1,"6":1,"7":1,"8":1,"9":1,"10":1,"11":1,"12":1,"13":1,"14":1,"15":1,"16":1,"17":1,"18":1,"19":1,"20":1,"21":1,"22":1,"23":1,"24":1,"25":1,"26":1,"27":1,"28":1,"29":1,"30":1,"31":1,"32":1,"33":1,"34":1,"35":1,"36":1,"37":1,"38":1,"39":1,"40":1,"41":1,"42":1,"43":1,"44":1,"45":1,"46":1,"47":1,"48":1,"49":1,"50":1,"51":1,"52":1,"53":1,"54":1,"55":1,"56":1,"57":1,"58":39,"59":39,"60":39,"61":39,"62":39,"63":39,"64":39,"65":39,"66":39,"67":39,"68":39,"69":39,"70":39,"71":39,"72":1,"73":1,"74":1,"75":1,"76":1,"77":1},"branchMap":{"0":{"type":"branch","line":21,"loc":{"start":{"line":21,"column":21},"end":{"line":21,"column":54}},"locations":[{"start":{"line":21,"column":21},"end":{"line":21,"column":54}}]},"1":{"type":"branch","line":21,"loc":{"start":{"line":21,"column":25},"end":{"line":21,"column":38}},"locations":[{"start":{"line":21,"column":25},"end":{"line":21,"column":38}}]},"2":{"type":"branch","line":21,"loc":{"start":{"line":21,"column":30},"end":{"line":21,"column":52}},"locations":[{"start":{"line":21,"column":30},"end":{"line":21,"column":52}}]},"3":{"type":"branch","line":21,"loc":{"start":{"line":21,"column":44},"end":{"line":21,"column":54}},"locations":[{"start":{"line":21,"column":44},"end":{"line":21,"column":54}}]},"4":{"type":"branch","line":22,"loc":{"start":{"line":22,"column":21},"end":{"line":22,"column":54}},"locations":[{"start":{"line":22,"column":21},"end":{"line":22,"column":54}}]},"5":{"type":"branch","line":22,"loc":{"start":{"line":22,"column":25},"end":{"line":22,"column":38}},"locations":[{"start":{"line":22,"column":25},"end":{"line":22,"column":38}}]},"6":{"type":"branch","line":22,"loc":{"start":{"line":22,"column":30},"end":{"line":22,"column":52}},"locations":[{"start":{"line":22,"column":30},"end":{"line":22,"column":52}}]},"7":{"type":"branch","line":22,"loc":{"start":{"line":22,"column":44},"end":{"line":22,"column":54}},"locations":[{"start":{"line":22,"column":44},"end":{"line":22,"column":54}}]},"8":{"type":"branch","line":23,"loc":{"start":{"line":23,"column":26},"end":{"line":23,"column":70}},"locations":[{"start":{"line":23,"column":26},"end":{"line":23,"column":70}}]},"9":{"type":"branch","line":23,"loc":{"start":{"line":23,"column":30},"end":{"line":23,"column":47}},"locations":[{"start":{"line":23,"column":30},"end":{"line":23,"column":47}}]},"10":{"type":"branch","line":23,"loc":{"start":{"line":23,"column":35},"end":{"line":23,"column":65}},"locations":[{"start":{"line":23,"column":35},"end":{"line":23,"column":65}}]},"11":{"type":"branch","line":23,"loc":{"start":{"line":23,"column":54},"end":{"line":23,"column":70}},"locations":[{"start":{"line":23,"column":54},"end":{"line":23,"column":70}}]},"12":{"type":"branch","line":25,"loc":{"start":{"line":25,"column":23},"end":{"line":25,"column":57}},"locations":[{"start":{"line":25,"column":23},"end":{"line":25,"column":57}}]},"13":{"type":"branch","line":27,"loc":{"start":{"line":27,"column":27},"end":{"line":27,"column":66}},"locations":[{"start":{"line":27,"column":27},"end":{"line":27,"column":66}}]},"14":{"type":"branch","line":27,"loc":{"start":{"line":27,"column":53},"end":{"line":27,"column":64}},"locations":[{"start":{"line":27,"column":53},"end":{"line":27,"column":64}}]},"15":{"type":"branch","line":42,"loc":{"start":{"line":42,"column":16},"end":{"line":42,"column":35}},"locations":[{"start":{"line":42,"column":16},"end":{"line":42,"column":35}}]},"16":{"type":"branch","line":42,"loc":{"start":{"line":42,"column":28},"end":{"line":42,"column":52}},"locations":[{"start":{"line":42,"column":28},"end":{"line":42,"column":52}}]},"17":{"type":"branch","line":42,"loc":{"start":{"line":42,"column":35},"end":{"line":42,"column":52}},"locations":[{"start":{"line":42,"column":35},"end":{"line":42,"column":52}}]},"18":{"type":"branch","line":43,"loc":{"start":{"line":43,"column":14},"end":{"line":43,"column":40}},"locations":[{"start":{"line":43,"column":14},"end":{"line":43,"column":40}}]},"19":{"type":"branch","line":43,"loc":{"start":{"line":43,"column":30},"end":{"line":43,"column":50}},"locations":[{"start":{"line":43,"column":30},"end":{"line":43,"column":50}}]},"20":{"type":"branch","line":54,"loc":{"start":{"line":54,"column":10},"end":{"line":54,"column":85}},"locations":[{"start":{"line":54,"column":10},"end":{"line":54,"column":85}}]},"21":{"type":"branch","line":54,"loc":{"start":{"line":54,"column":66},"end":{"line":54,"column":85}},"locations":[{"start":{"line":54,"column":66},"end":{"line":54,"column":85}}]},"22":{"type":"branch","line":58,"loc":{"start":{"line":58,"column":2},"end":{"line":72,"column":17}},"locations":[{"start":{"line":58,"column":2},"end":{"line":72,"column":17}}]},"23":{"type":"branch","line":1,"loc":{"start":{"line":1,"column":0},"end":{"line":1,"column":24}},"locations":[{"start":{"line":1,"column":0},"end":{"line":1,"column":24}}]},"24":{"type":"branch","line":69,"loc":{"start":{"line":69,"column":17},"end":{"line":69,"column":36}},"locations":[{"start":{"line":69,"column":17},"end":{"line":69,"column":36}}]},"25":{"type":"branch","line":69,"loc":{"start":{"line":69,"column":26},"end":{"line":69,"column":78}},"locations":[{"start":{"line":69,"column":26},"end":{"line":69,"column":78}}]},"26":{"type":"branch","line":69,"loc":{"start":{"line":69,"column":76},"end":{"line":69,"column":78}},"locations":[{"start":{"line":69,"column":76},"end":{"line":69,"column":78}}]}},"b":{"0":[39],"1":[20],"2":[33],"3":[30],"4":[39],"5":[20],"6":[29],"7":[24],"8":[39],"9":[20],"10":[37],"11":[36],"12":[1],"13":[4],"14":[0],"15":[36],"16":[6],"17":[33],"18":[38],"19":[1],"20":[1],"21":[0],"22":[39],"23":[36],"24":[1],"25":[1],"26":[38]},"fnMap":{"0":{"name":"handleBtnClick","decl":{"start":{"line":25,"column":23},"end":{"line":25,"column":57}},"loc":{"start":{"line":25,"column":23},"end":{"line":25,"column":57}},"line":25},"1":{"name":"__vite_ssr_import_5__.createBlock.onClick._cache.<computed>._cache.<computed>","decl":{"start":{"line":54,"column":10},"end":{"line":54,"column":85}},"loc":{"start":{"line":54,"column":10},"end":{"line":54,"column":85}},"line":54}},"f":{"0":1,"1":1}}
,"E:\\play-element\\packages\\components\\Button\\ButtonGroup.vue": {"path":"E:\\play-element\\packages\\components\\Button\\ButtonGroup.vue","all":false,"statementMap":{"0":{"start":{"line":1,"column":0},"end":{"line":1,"column":24}},"1":{"start":{"line":2,"column":0},"end":{"line":2,"column":48}},"2":{"start":{"line":3,"column":0},"end":{"line":3,"column":47}},"3":{"start":{"line":4,"column":0},"end":{"line":4,"column":50}},"4":{"start":{"line":5,"column":0},"end":{"line":5,"column":0}},"5":{"start":{"line":6,"column":0},"end":{"line":6,"column":15}},"6":{"start":{"line":7,"column":0},"end":{"line":7,"column":24}},"7":{"start":{"line":8,"column":0},"end":{"line":8,"column":3}},"8":{"start":{"line":9,"column":0},"end":{"line":9,"column":46}},"9":{"start":{"line":10,"column":0},"end":{"line":10,"column":0}},"10":{"start":{"line":11,"column":0},"end":{"line":11,"column":8}},"11":{"start":{"line":12,"column":0},"end":{"line":12,"column":23}},"12":{"start":{"line":13,"column":0},"end":{"line":13,"column":12}},"13":{"start":{"line":14,"column":0},"end":{"line":14,"column":31}},"14":{"start":{"line":15,"column":0},"end":{"line":15,"column":31}},"15":{"start":{"line":16,"column":0},"end":{"line":16,"column":39}},"16":{"start":{"line":17,"column":0},"end":{"line":17,"column":4}},"17":{"start":{"line":18,"column":0},"end":{"line":18,"column":2}},"18":{"start":{"line":19,"column":0},"end":{"line":19,"column":9}},"19":{"start":{"line":20,"column":0},"end":{"line":20,"column":0}},"20":{"start":{"line":21,"column":0},"end":{"line":21,"column":10}},"21":{"start":{"line":22,"column":0},"end":{"line":22,"column":31}},"22":{"start":{"line":23,"column":0},"end":{"line":23,"column":17}},"23":{"start":{"line":24,"column":0},"end":{"line":24,"column":8}},"24":{"start":{"line":25,"column":0},"end":{"line":25,"column":11}},"25":{"start":{"line":26,"column":0},"end":{"line":26,"column":0}},"26":{"start":{"line":27,"column":0},"end":{"line":27,"column":14}},"27":{"start":{"line":28,"column":0},"end":{"line":28,"column":21}},"28":{"start":{"line":29,"column":0},"end":{"line":29,"column":8}}},"s":{"0":1,"1":1,"2":1,"3":1,"4":1,"5":1,"6":1,"7":1,"8":1,"9":1,"10":1,"11":1,"12":1,"13":1,"14":1,"15":1,"16":1,"17":1,"18":1,"19":1,"20":1,"21":1,"22":1,"23":1,"24":1,"25":1,"26":1,"27":1,"28":1},"branchMap":{},"b":{},"fnMap":{},"f":{}}
,"E:\\play-element\\packages\\components\\Button\\contants.ts": {"path":"E:\\play-element\\packages\\components\\Button\\contants.ts","all":false,"statementMap":{"0":{"start":{"line":1,"column":0},"end":{"line":1,"column":6}},"1":{"start":{"line":2,"column":0},"end":{"line":2,"column":11}},"2":{"start":{"line":3,"column":0},"end":{"line":3,"column":40}},"3":{"start":{"line":4,"column":0},"end":{"line":4,"column":50}},"4":{"start":{"line":5,"column":0},"end":{"line":5,"column":0}},"5":{"start":{"line":6,"column":0},"end":{"line":6,"column":76}},"6":{"start":{"line":7,"column":0},"end":{"line":7,"column":26}},"7":{"start":{"line":8,"column":0},"end":{"line":8,"column":2}}},"s":{"0":1,"1":1,"2":1,"3":1,"4":1,"5":1,"6":1,"7":1},"branchMap":{},"b":{},"fnMap":{},"f":{}}
,"E:\\play-element\\packages\\components\\Button\\index.ts": {"path":"E:\\play-element\\packages\\components\\Button\\index.ts","all":false,"statementMap":{"0":{"start":{"line":1,"column":0},"end":{"line":1,"column":34}},"1":{"start":{"line":2,"column":0},"end":{"line":2,"column":50}},"2":{"start":{"line":3,"column":0},"end":{"line":3,"column":44}},"3":{"start":{"line":4,"column":0},"end":{"line":4,"column":0}},"4":{"start":{"line":5,"column":0},"end":{"line":5,"column":44}},"5":{"start":{"line":6,"column":0},"end":{"line":6,"column":54}}},"s":{"0":1,"1":1,"2":1,"3":1,"4":1,"5":1},"branchMap":{},"b":{},"fnMap":{},"f":{}}
,"E:\\play-element\\packages\\components\\Collapse\\Collapse.vue": {"path":"E:\\play-element\\packages\\components\\Collapse\\Collapse.vue","all":false,"statementMap":{"0":{"start":{"line":1,"column":0},"end":{"line":1,"column":24}},"1":{"start":{"line":2,"column":0},"end":{"line":2,"column":78}},"2":{"start":{"line":3,"column":0},"end":{"line":3,"column":55}},"3":{"start":{"line":4,"column":0},"end":{"line":4,"column":46}},"4":{"start":{"line":5,"column":0},"end":{"line":5,"column":0}},"5":{"start":{"line":6,"column":0},"end":{"line":6,"column":46}},"6":{"start":{"line":7,"column":0},"end":{"line":7,"column":0}},"7":{"start":{"line":8,"column":0},"end":{"line":8,"column":38}},"8":{"start":{"line":9,"column":0},"end":{"line":9,"column":15}},"9":{"start":{"line":10,"column":0},"end":{"line":10,"column":18}},"10":{"start":{"line":11,"column":0},"end":{"line":11,"column":3}},"11":{"start":{"line":12,"column":0},"end":{"line":12,"column":0}},"12":{"start":{"line":13,"column":0},"end":{"line":13,"column":43}},"13":{"start":{"line":14,"column":0},"end":{"line":14,"column":43}},"14":{"start":{"line":15,"column":0},"end":{"line":15,"column":42}},"15":{"start":{"line":16,"column":0},"end":{"line":16,"column":0}},"16":{"start":{"line":17,"column":0},"end":{"line":17,"column":54}},"17":{"start":{"line":18,"column":0},"end":{"line":18,"column":68}},"18":{"start":{"line":19,"column":0},"end":{"line":19,"column":74}},"19":{"start":{"line":20,"column":0},"end":{"line":20,"column":1}},"20":{"start":{"line":21,"column":0},"end":{"line":21,"column":50}},"21":{"start":{"line":22,"column":0},"end":{"line":22,"column":44}},"22":{"start":{"line":23,"column":0},"end":{"line":23,"column":10}},"23":{"start":{"line":24,"column":0},"end":{"line":24,"column":24}},"24":{"start":{"line":25,"column":0},"end":{"line":25,"column":58}},"25":{"start":{"line":26,"column":0},"end":{"line":26,"column":36}},"26":{"start":{"line":27,"column":0},"end":{"line":27,"column":11}},"27":{"start":{"line":28,"column":0},"end":{"line":28,"column":3}},"28":{"start":{"line":29,"column":0},"end":{"line":29,"column":0}},"29":{"start":{"line":30,"column":0},"end":{"line":30,"column":43}},"30":{"start":{"line":31,"column":0},"end":{"line":31,"column":19}},"31":{"start":{"line":32,"column":0},"end":{"line":32,"column":18}},"32":{"start":{"line":33,"column":0},"end":{"line":33,"column":34}},"33":{"start":{"line":34,"column":0},"end":{"line":34,"column":10}},"34":{"start":{"line":35,"column":0},"end":{"line":35,"column":20}},"35":{"start":{"line":36,"column":0},"end":{"line":36,"column":28}},"36":{"start":{"line":37,"column":0},"end":{"line":37,"column":3}},"37":{"start":{"line":38,"column":0},"end":{"line":38,"column":34}},"38":{"start":{"line":39,"column":0},"end":{"line":39,"column":1}},"39":{"start":{"line":40,"column":0},"end":{"line":40,"column":0}},"40":{"start":{"line":41,"column":0},"end":{"line":41,"column":58}},"41":{"start":{"line":42,"column":0},"end":{"line":42,"column":31}},"42":{"start":{"line":43,"column":0},"end":{"line":43,"column":39}},"43":{"start":{"line":44,"column":0},"end":{"line":44,"column":28}},"44":{"start":{"line":45,"column":0},"end":{"line":45,"column":1}},"45":{"start":{"line":46,"column":0},"end":{"line":46,"column":20}},"46":{"start":{"line":47,"column":0},"end":{"line":47,"column":17}},"47":{"start":{"line":48,"column":0},"end":{"line":48,"column":55}},"48":{"start":{"line":49,"column":0},"end":{"line":49,"column":6}},"49":{"start":{"line":50,"column":0},"end":{"line":50,"column":79}},"50":{"start":{"line":51,"column":0},"end":{"line":51,"column":5}},"51":{"start":{"line":52,"column":0},"end":{"line":52,"column":6}},"52":{"start":{"line":53,"column":0},"end":{"line":53,"column":6}},"53":{"start":{"line":54,"column":0},"end":{"line":54,"column":25}},"54":{"start":{"line":55,"column":0},"end":{"line":55,"column":43}},"55":{"start":{"line":56,"column":0},"end":{"line":56,"column":2}},"56":{"start":{"line":57,"column":0},"end":{"line":57,"column":0}},"57":{"start":{"line":58,"column":0},"end":{"line":58,"column":27}},"58":{"start":{"line":59,"column":0},"end":{"line":59,"column":14}},"59":{"start":{"line":60,"column":0},"end":{"line":60,"column":18}},"60":{"start":{"line":61,"column":0},"end":{"line":61,"column":3}},"61":{"start":{"line":62,"column":0},"end":{"line":62,"column":9}},"62":{"start":{"line":63,"column":0},"end":{"line":63,"column":0}},"63":{"start":{"line":64,"column":0},"end":{"line":64,"column":10}},"64":{"start":{"line":65,"column":0},"end":{"line":65,"column":33}},"65":{"start":{"line":66,"column":0},"end":{"line":66,"column":26}},"66":{"start":{"line":67,"column":0},"end":{"line":67,"column":15}},"67":{"start":{"line":68,"column":0},"end":{"line":68,"column":11}},"68":{"start":{"line":69,"column":0},"end":{"line":69,"column":0}},"69":{"start":{"line":70,"column":0},"end":{"line":70,"column":7}},"70":{"start":{"line":71,"column":0},"end":{"line":71,"column":22}},"71":{"start":{"line":72,"column":0},"end":{"line":72,"column":8}}},"s":{"0":1,"1":1,"2":1,"3":1,"4":1,"5":1,"6":1,"7":1,"8":1,"9":1,"10":1,"11":1,"12":1,"13":1,"14":1,"15":1,"16":1,"17":1,"18":1,"19":1,"20":3,"21":3,"22":3,"23":3,"24":1,"25":1,"26":1,"27":1,"28":2,"29":2,"30":3,"31":1,"32":1,"33":1,"34":1,"35":1,"36":1,"37":2,"38":3,"39":1,"40":3,"41":3,"42":3,"43":3,"44":3,"45":1,"46":1,"47":1,"48":1,"49":1,"50":1,"51":1,"52":1,"53":1,"54":1,"55":1,"56":1,"57":1,"58":1,"59":1,"60":1,"61":1,"62":1,"63":1,"64":1,"65":1,"66":1,"67":1,"68":1,"69":1,"70":1,"71":1},"branchMap":{"0":{"type":"branch","line":17,"loc":{"start":{"line":17,"column":10},"end":{"line":17,"column":53}},"locations":[{"start":{"line":17,"column":10},"end":{"line":17,"column":53}}]},"1":{"type":"branch","line":17,"loc":{"start":{"line":17,"column":53},"end":{"line":20,"column":1}},"locations":[{"start":{"line":17,"column":53},"end":{"line":20,"column":1}}]},"2":{"type":"branch","line":21,"loc":{"start":{"line":21,"column":0},"end":{"line":39,"column":1}},"locations":[{"start":{"line":21,"column":0},"end":{"line":39,"column":1}}]},"3":{"type":"branch","line":24,"loc":{"start":{"line":24,"column":23},"end":{"line":28,"column":3}},"locations":[{"start":{"line":24,"column":23},"end":{"line":28,"column":3}}]},"4":{"type":"branch","line":25,"loc":{"start":{"line":25,"column":40},"end":{"line":25,"column":52}},"locations":[{"start":{"line":25,"column":40},"end":{"line":25,"column":52}}]},"5":{"type":"branch","line":28,"loc":{"start":{"line":28,"column":2},"end":{"line":31,"column":18}},"locations":[{"start":{"line":28,"column":2},"end":{"line":31,"column":18}}]},"6":{"type":"branch","line":31,"loc":{"start":{"line":31,"column":18},"end":{"line":37,"column":3}},"locations":[{"start":{"line":31,"column":18},"end":{"line":37,"column":3}}]},"7":{"type":"branch","line":37,"loc":{"start":{"line":37,"column":2},"end":{"line":38,"column":34}},"locations":[{"start":{"line":37,"column":2},"end":{"line":38,"column":34}}]},"8":{"type":"branch","line":41,"loc":{"start":{"line":41,"column":0},"end":{"line":45,"column":1}},"locations":[{"start":{"line":41,"column":0},"end":{"line":45,"column":1}}]},"9":{"type":"branch","line":54,"loc":{"start":{"line":54,"column":2},"end":{"line":54,"column":25}},"locations":[{"start":{"line":54,"column":2},"end":{"line":54,"column":25}}]}},"b":{"0":[2],"1":[1],"2":[3],"3":[1],"4":[0],"5":[2],"6":[1],"7":[2],"8":[3],"9":[3]},"fnMap":{"0":{"name":"handleItemClick","decl":{"start":{"line":21,"column":0},"end":{"line":39,"column":1}},"loc":{"start":{"line":21,"column":0},"end":{"line":39,"column":1}},"line":21},"1":{"name":"updateActiveNames","decl":{"start":{"line":41,"column":0},"end":{"line":45,"column":1}},"loc":{"start":{"line":41,"column":0},"end":{"line":45,"column":1}},"line":41}},"f":{"0":3,"1":3}}
,"E:\\play-element\\packages\\components\\Collapse\\CollapseItem.vue": {"path":"E:\\play-element\\packages\\components\\Collapse\\CollapseItem.vue","all":false,"statementMap":{"0":{"start":{"line":1,"column":0},"end":{"line":1,"column":24}},"1":{"start":{"line":2,"column":0},"end":{"line":2,"column":49}},"2":{"start":{"line":3,"column":0},"end":{"line":3,"column":39}},"3":{"start":{"line":4,"column":0},"end":{"line":4,"column":46}},"4":{"start":{"line":5,"column":0},"end":{"line":5,"column":50}},"5":{"start":{"line":6,"column":0},"end":{"line":6,"column":38}},"6":{"start":{"line":7,"column":0},"end":{"line":7,"column":38}},"7":{"start":{"line":8,"column":0},"end":{"line":8,"column":47}},"8":{"start":{"line":9,"column":0},"end":{"line":9,"column":45}},"9":{"start":{"line":10,"column":0},"end":{"line":10,"column":78}},"10":{"start":{"line":11,"column":0},"end":{"line":11,"column":0}},"11":{"start":{"line":12,"column":0},"end":{"line":12,"column":24}},"12":{"start":{"line":13,"column":0},"end":{"line":13,"column":29}},"13":{"start":{"line":14,"column":0},"end":{"line":14,"column":35}},"14":{"start":{"line":15,"column":0},"end":{"line":15,"column":1}},"15":{"start":{"line":16,"column":0},"end":{"line":16,"column":9}},"16":{"start":{"line":17,"column":0},"end":{"line":17,"column":0}},"17":{"start":{"line":18,"column":0},"end":{"line":18,"column":10}},"18":{"start":{"line":19,"column":0},"end":{"line":19,"column":6}},"19":{"start":{"line":20,"column":0},"end":{"line":20,"column":28}},"20":{"start":{"line":21,"column":0},"end":{"line":21,"column":13}},"21":{"start":{"line":22,"column":0},"end":{"line":22,"column":30}},"22":{"start":{"line":23,"column":0},"end":{"line":23,"column":6}},"23":{"start":{"line":24,"column":0},"end":{"line":24,"column":3}},"24":{"start":{"line":25,"column":0},"end":{"line":25,"column":8}},"25":{"start":{"line":26,"column":0},"end":{"line":26,"column":38}},"26":{"start":{"line":27,"column":0},"end":{"line":27,"column":33}},"27":{"start":{"line":28,"column":0},"end":{"line":28,"column":15}},"28":{"start":{"line":29,"column":0},"end":{"line":29,"column":32}},"29":{"start":{"line":30,"column":0},"end":{"line":30,"column":30}},"30":{"start":{"line":31,"column":0},"end":{"line":31,"column":8}},"31":{"start":{"line":32,"column":0},"end":{"line":32,"column":26}},"32":{"start":{"line":33,"column":0},"end":{"line":33,"column":5}},"33":{"start":{"line":34,"column":0},"end":{"line":34,"column":44}},"34":{"start":{"line":35,"column":0},"end":{"line":35,"column":27}},"35":{"start":{"line":36,"column":0},"end":{"line":36,"column":21}},"36":{"start":{"line":37,"column":0},"end":{"line":37,"column":15}},"37":{"start":{"line":38,"column":0},"end":{"line":38,"column":13}},"38":{"start":{"line":39,"column":0},"end":{"line":39,"column":57}},"39":{"start":{"line":40,"column":0},"end":{"line":40,"column":10}},"40":{"start":{"line":41,"column":0},"end":{"line":41,"column":0}},"41":{"start":{"line":42,"column":0},"end":{"line":42,"column":54}},"42":{"start":{"line":43,"column":0},"end":{"line":43,"column":62}},"43":{"start":{"line":44,"column":0},"end":{"line":44,"column":76}},"44":{"start":{"line":45,"column":0},"end":{"line":45,"column":23}},"45":{"start":{"line":46,"column":0},"end":{"line":46,"column":14}},"46":{"start":{"line":47,"column":0},"end":{"line":47,"column":12}},"47":{"start":{"line":48,"column":0},"end":{"line":48,"column":17}},"48":{"start":{"line":49,"column":0},"end":{"line":49,"column":8}},"49":{"start":{"line":50,"column":0},"end":{"line":50,"column":11}},"50":{"start":{"line":51,"column":0},"end":{"line":51,"column":7}},"51":{"start":{"line":52,"column":0},"end":{"line":52,"column":22}},"52":{"start":{"line":53,"column":0},"end":{"line":53,"column":8}}},"s":{"0":1,"1":1,"2":1,"3":1,"4":1,"5":1,"6":1,"7":1,"8":1,"9":1,"10":1,"11":4,"12":4,"13":4,"14":4,"15":1,"16":1,"17":1,"18":1,"19":1,"20":1,"21":1,"22":1,"23":1,"24":1,"25":1,"26":1,"27":1,"28":1,"29":1,"30":1,"31":1,"32":1,"33":1,"34":1,"35":1,"36":1,"37":1,"38":1,"39":1,"40":1,"41":1,"42":1,"43":1,"44":1,"45":1,"46":1,"47":1,"48":1,"49":1,"50":1,"51":1,"52":1},"branchMap":{"0":{"type":"branch","line":10,"loc":{"start":{"line":10,"column":26},"end":{"line":10,"column":76}},"locations":[{"start":{"line":10,"column":26},"end":{"line":10,"column":76}}]},"1":{"type":"branch","line":12,"loc":{"start":{"line":12,"column":0},"end":{"line":15,"column":1}},"locations":[{"start":{"line":12,"column":0},"end":{"line":15,"column":1}}]},"2":{"type":"branch","line":13,"loc":{"start":{"line":13,"column":22},"end":{"line":13,"column":29}},"locations":[{"start":{"line":13,"column":22},"end":{"line":13,"column":29}}]},"3":{"type":"branch","line":13,"loc":{"start":{"line":13,"column":22},"end":{"line":14,"column":23}},"locations":[{"start":{"line":13,"column":22},"end":{"line":14,"column":23}}]}},"b":{"0":[16],"1":[4],"2":[1],"3":[3]},"fnMap":{"0":{"name":"handleClick","decl":{"start":{"line":12,"column":0},"end":{"line":15,"column":1}},"loc":{"start":{"line":12,"column":0},"end":{"line":15,"column":1}},"line":12}},"f":{"0":4}}
,"E:\\play-element\\packages\\components\\Collapse\\constans.ts": {"path":"E:\\play-element\\packages\\components\\Collapse\\constans.ts","all":false,"statementMap":{"0":{"start":{"line":1,"column":0},"end":{"line":1,"column":40}},"1":{"start":{"line":2,"column":0},"end":{"line":2,"column":47}},"2":{"start":{"line":3,"column":0},"end":{"line":3,"column":0}},"3":{"start":{"line":4,"column":0},"end":{"line":4,"column":62}},"4":{"start":{"line":5,"column":0},"end":{"line":5,"column":28}}},"s":{"0":1,"1":1,"2":1,"3":1,"4":1},"branchMap":{},"b":{},"fnMap":{},"f":{}}
,"E:\\play-element\\packages\\components\\Collapse\\index.ts": {"path":"E:\\play-element\\packages\\components\\Collapse\\index.ts","all":false,"statementMap":{"0":{"start":{"line":1,"column":0},"end":{"line":1,"column":4}},"1":{"start":{"line":2,"column":0},"end":{"line":2,"column":38}},"2":{"start":{"line":3,"column":0},"end":{"line":3,"column":46}},"3":{"start":{"line":4,"column":0},"end":{"line":4,"column":50}},"4":{"start":{"line":5,"column":0},"end":{"line":5,"column":0}},"5":{"start":{"line":6,"column":0},"end":{"line":6,"column":48}},"6":{"start":{"line":7,"column":0},"end":{"line":7,"column":56}},"7":{"start":{"line":8,"column":0},"end":{"line":8,"column":0}},"8":{"start":{"line":9,"column":0},"end":{"line":9,"column":24}}},"s":{"0":1,"1":1,"2":1,"3":1,"4":1,"5":1,"6":1,"7":1,"8":1},"branchMap":{},"b":{},"fnMap":{},"f":{}}
,"E:\\play-element\\packages\\components\\Collapse\\transitionEvents.ts": {"path":"E:\\play-element\\packages\\components\\Collapse\\transitionEvents.ts","all":false,"statementMap":{"0":{"start":{"line":1,"column":0},"end":{"line":1,"column":70}},"1":{"start":{"line":2,"column":0},"end":{"line":2,"column":45}},"2":{"start":{"line":3,"column":0},"end":{"line":3,"column":45}},"3":{"start":{"line":4,"column":0},"end":{"line":4,"column":68}},"4":{"start":{"line":5,"column":0},"end":{"line":5,"column":79}},"5":{"start":{"line":6,"column":0},"end":{"line":6,"column":72}},"6":{"start":{"line":7,"column":0},"end":{"line":7,"column":0}},"7":{"start":{"line":8,"column":0},"end":{"line":8,"column":69}},"8":{"start":{"line":9,"column":0},"end":{"line":9,"column":19}},"9":{"start":{"line":10,"column":0},"end":{"line":10,"column":23}},"10":{"start":{"line":11,"column":0},"end":{"line":11,"column":27}},"11":{"start":{"line":12,"column":0},"end":{"line":12,"column":4}},"12":{"start":{"line":13,"column":0},"end":{"line":13,"column":38}},"13":{"start":{"line":14,"column":0},"end":{"line":14,"column":18}},"14":{"start":{"line":15,"column":0},"end":{"line":15,"column":24}},"15":{"start":{"line":16,"column":0},"end":{"line":16,"column":26}},"16":{"start":{"line":17,"column":0},"end":{"line":17,"column":4}},"17":{"start":{"line":18,"column":0},"end":{"line":18,"column":19}},"18":{"start":{"line":19,"column":0},"end":{"line":19,"column":25}},"19":{"start":{"line":20,"column":0},"end":{"line":20,"column":27}},"20":{"start":{"line":21,"column":0},"end":{"line":21,"column":4}},"21":{"start":{"line":22,"column":0},"end":{"line":22,"column":36}},"22":{"start":{"line":23,"column":0},"end":{"line":23,"column":18}},"23":{"start":{"line":24,"column":0},"end":{"line":24,"column":24}},"24":{"start":{"line":25,"column":0},"end":{"line":25,"column":26}},"25":{"start":{"line":26,"column":0},"end":{"line":26,"column":4}},"26":{"start":{"line":27,"column":0},"end":{"line":27,"column":2}},"27":{"start":{"line":28,"column":0},"end":{"line":28,"column":0}},"28":{"start":{"line":29,"column":0},"end":{"line":29,"column":32}}},"s":{"0":1,"1":1,"2":2,"3":1,"4":1,"5":1,"6":1,"7":1,"8":1,"9":1,"10":1,"11":1,"12":1,"13":1,"14":1,"15":1,"16":1,"17":1,"18":1,"19":1,"20":1,"21":1,"22":1,"23":1,"24":1,"25":1,"26":1,"27":1,"28":1},"branchMap":{"0":{"type":"branch","line":1,"loc":{"start":{"line":1,"column":23},"end":{"line":1,"column":70}},"locations":[{"start":{"line":1,"column":23},"end":{"line":1,"column":70}}]},"1":{"type":"branch","line":2,"loc":{"start":{"line":2,"column":25},"end":{"line":3,"column":45}},"locations":[{"start":{"line":2,"column":25},"end":{"line":3,"column":45}}]},"2":{"type":"branch","line":4,"loc":{"start":{"line":4,"column":24},"end":{"line":4,"column":68}},"locations":[{"start":{"line":4,"column":24},"end":{"line":4,"column":68}}]},"3":{"type":"branch","line":5,"loc":{"start":{"line":5,"column":27},"end":{"line":5,"column":79}},"locations":[{"start":{"line":5,"column":27},"end":{"line":5,"column":79}}]},"4":{"type":"branch","line":6,"loc":{"start":{"line":6,"column":26},"end":{"line":6,"column":72}},"locations":[{"start":{"line":6,"column":26},"end":{"line":6,"column":72}}]},"5":{"type":"branch","line":9,"loc":{"start":{"line":9,"column":2},"end":{"line":12,"column":4}},"locations":[{"start":{"line":9,"column":2},"end":{"line":12,"column":4}}]},"6":{"type":"branch","line":13,"loc":{"start":{"line":13,"column":9},"end":{"line":13,"column":38}},"locations":[{"start":{"line":13,"column":9},"end":{"line":13,"column":38}}]},"7":{"type":"branch","line":14,"loc":{"start":{"line":14,"column":2},"end":{"line":17,"column":4}},"locations":[{"start":{"line":14,"column":2},"end":{"line":17,"column":4}}]},"8":{"type":"branch","line":18,"loc":{"start":{"line":18,"column":2},"end":{"line":21,"column":4}},"locations":[{"start":{"line":18,"column":2},"end":{"line":21,"column":4}}]},"9":{"type":"branch","line":22,"loc":{"start":{"line":22,"column":9},"end":{"line":22,"column":36}},"locations":[{"start":{"line":22,"column":9},"end":{"line":22,"column":36}}]},"10":{"type":"branch","line":23,"loc":{"start":{"line":23,"column":2},"end":{"line":26,"column":4}},"locations":[{"start":{"line":23,"column":2},"end":{"line":26,"column":4}}]}},"b":{"0":[2],"1":[2],"2":[2],"3":[2],"4":[2],"5":[1],"6":[1],"7":[1],"8":[1],"9":[1],"10":[1]},"fnMap":{"0":{"name":"_setHeightZero","decl":{"start":{"line":1,"column":23},"end":{"line":1,"column":70}},"loc":{"start":{"line":1,"column":23},"end":{"line":1,"column":70}},"line":1},"1":{"name":"_setHeightScroll","decl":{"start":{"line":2,"column":25},"end":{"line":3,"column":45}},"loc":{"start":{"line":2,"column":25},"end":{"line":3,"column":45}},"line":2},"2":{"name":"_setHeightEmpty","decl":{"start":{"line":4,"column":24},"end":{"line":4,"column":68}},"loc":{"start":{"line":4,"column":24},"end":{"line":4,"column":68}},"line":4},"3":{"name":"_setOverflowHidden","decl":{"start":{"line":5,"column":27},"end":{"line":5,"column":79}},"loc":{"start":{"line":5,"column":27},"end":{"line":5,"column":79}},"line":5},"4":{"name":"_setOverflowEmpty","decl":{"start":{"line":6,"column":26},"end":{"line":6,"column":72}},"loc":{"start":{"line":6,"column":26},"end":{"line":6,"column":72}},"line":6},"5":{"name":"beforeEnter","decl":{"start":{"line":9,"column":2},"end":{"line":12,"column":4}},"loc":{"start":{"line":9,"column":2},"end":{"line":12,"column":4}},"line":9},"6":{"name":"enter","decl":{"start":{"line":13,"column":9},"end":{"line":13,"column":38}},"loc":{"start":{"line":13,"column":9},"end":{"line":13,"column":38}},"line":13},"7":{"name":"afterEnter","decl":{"start":{"line":14,"column":2},"end":{"line":17,"column":4}},"loc":{"start":{"line":14,"column":2},"end":{"line":17,"column":4}},"line":14},"8":{"name":"beforeLeave","decl":{"start":{"line":18,"column":2},"end":{"line":21,"column":4}},"loc":{"start":{"line":18,"column":2},"end":{"line":21,"column":4}},"line":18},"9":{"name":"leave","decl":{"start":{"line":22,"column":9},"end":{"line":22,"column":36}},"loc":{"start":{"line":22,"column":9},"end":{"line":22,"column":36}},"line":22},"10":{"name":"afterLeave","decl":{"start":{"line":23,"column":2},"end":{"line":26,"column":4}},"loc":{"start":{"line":23,"column":2},"end":{"line":26,"column":4}},"line":23}},"f":{"0":2,"1":2,"2":2,"3":2,"4":2,"5":1,"6":1,"7":1,"8":1,"9":1,"10":1}}
,"E:\\play-element\\packages\\components\\Collapse\\types.ts": {"path":"E:\\play-element\\packages\\components\\Collapse\\types.ts","all":false,"statementMap":{"0":{"start":{"line":1,"column":0},"end":{"line":1,"column":31}},"1":{"start":{"line":2,"column":0},"end":{"line":2,"column":47}},"2":{"start":{"line":3,"column":0},"end":{"line":3,"column":0}},"3":{"start":{"line":4,"column":0},"end":{"line":4,"column":32}},"4":{"start":{"line":5,"column":0},"end":{"line":5,"column":33}},"5":{"start":{"line":6,"column":0},"end":{"line":6,"column":22}},"6":{"start":{"line":7,"column":0},"end":{"line":7,"column":1}},"7":{"start":{"line":8,"column":0},"end":{"line":8,"column":0}},"8":{"start":{"line":9,"column":0},"end":{"line":9,"column":36}},"9":{"start":{"line":10,"column":0},"end":{"line":10,"column":25}},"10":{"start":{"line":11,"column":0},"end":{"line":11,"column":17}},"11":{"start":{"line":12,"column":0},"end":{"line":12,"column":21}},"12":{"start":{"line":13,"column":0},"end":{"line":13,"column":1}},"13":{"start":{"line":14,"column":0},"end":{"line":14,"column":0}},"14":{"start":{"line":15,"column":0},"end":{"line":15,"column":32}},"15":{"start":{"line":16,"column":0},"end":{"line":16,"column":60}},"16":{"start":{"line":17,"column":0},"end":{"line":17,"column":49}},"17":{"start":{"line":18,"column":0},"end":{"line":18,"column":1}},"18":{"start":{"line":19,"column":0},"end":{"line":19,"column":0}},"19":{"start":{"line":20,"column":0},"end":{"line":20,"column":24}},"20":{"start":{"line":21,"column":0},"end":{"line":21,"column":34}},"21":{"start":{"line":22,"column":0},"end":{"line":22,"column":39}},"22":{"start":{"line":23,"column":0},"end":{"line":23,"column":48}},"23":{"start":{"line":24,"column":0},"end":{"line":24,"column":1}}},"s":{"0":1,"1":1,"2":1,"3":1,"4":1,"5":1,"6":1,"7":1,"8":1,"9":1,"10":1,"11":1,"12":1,"13":1,"14":1,"15":1,"16":1,"17":1,"18":1,"19":1,"20":1,"21":1,"22":1,"23":1},"branchMap":{},"b":{},"fnMap":{},"f":{}}
,"E:\\play-element\\packages\\components\\Icon\\Icon.vue": {"path":"E:\\play-element\\packages\\components\\Icon\\Icon.vue","all":false,"statementMap":{"0":{"start":{"line":1,"column":0},"end":{"line":1,"column":24}},"1":{"start":{"line":2,"column":0},"end":{"line":2,"column":41}},"2":{"start":{"line":3,"column":0},"end":{"line":3,"column":63}},"3":{"start":{"line":4,"column":0},"end":{"line":4,"column":33}},"4":{"start":{"line":5,"column":0},"end":{"line":5,"column":31}},"5":{"start":{"line":6,"column":0},"end":{"line":6,"column":0}},"6":{"start":{"line":7,"column":0},"end":{"line":7,"column":15}},"7":{"start":{"line":8,"column":0},"end":{"line":8,"column":17}},"8":{"start":{"line":9,"column":0},"end":{"line":9,"column":22}},"9":{"start":{"line":10,"column":0},"end":{"line":10,"column":3}},"10":{"start":{"line":11,"column":0},"end":{"line":11,"column":0}},"11":{"start":{"line":12,"column":0},"end":{"line":12,"column":39}},"12":{"start":{"line":13,"column":0},"end":{"line":13,"column":67}},"13":{"start":{"line":14,"column":0},"end":{"line":14,"column":72}},"14":{"start":{"line":15,"column":0},"end":{"line":15,"column":9}},"15":{"start":{"line":16,"column":0},"end":{"line":16,"column":0}},"16":{"start":{"line":17,"column":0},"end":{"line":17,"column":10}},"17":{"start":{"line":18,"column":0},"end":{"line":18,"column":4}},"18":{"start":{"line":19,"column":0},"end":{"line":19,"column":19}},"19":{"start":{"line":20,"column":0},"end":{"line":20,"column":38}},"20":{"start":{"line":21,"column":0},"end":{"line":21,"column":25}},"21":{"start":{"line":22,"column":0},"end":{"line":22,"column":19}},"22":{"start":{"line":23,"column":0},"end":{"line":23,"column":3}},"23":{"start":{"line":24,"column":0},"end":{"line":24,"column":46}},"24":{"start":{"line":25,"column":0},"end":{"line":25,"column":6}},"25":{"start":{"line":26,"column":0},"end":{"line":26,"column":11}},"26":{"start":{"line":27,"column":0},"end":{"line":27,"column":0}},"27":{"start":{"line":28,"column":0},"end":{"line":28,"column":14}},"28":{"start":{"line":29,"column":0},"end":{"line":29,"column":22}},"29":{"start":{"line":30,"column":0},"end":{"line":30,"column":8}}},"s":{"0":1,"1":1,"2":1,"3":1,"4":1,"5":1,"6":1,"7":1,"8":1,"9":1,"10":1,"11":1,"12":1,"13":1,"14":1,"15":1,"16":1,"17":1,"18":1,"19":1,"20":1,"21":1,"22":1,"23":1,"24":1,"25":1,"26":1,"27":1,"28":1,"29":1},"branchMap":{"0":{"type":"branch","line":13,"loc":{"start":{"line":13,"column":29},"end":{"line":13,"column":65}},"locations":[{"start":{"line":13,"column":29},"end":{"line":13,"column":65}}]},"1":{"type":"branch","line":14,"loc":{"start":{"line":14,"column":30},"end":{"line":14,"column":70}},"locations":[{"start":{"line":14,"column":30},"end":{"line":14,"column":70}}]}},"b":{"0":[3],"1":[3]},"fnMap":{},"f":{}}
,"E:\\play-element\\packages\\components\\Icon\\index.ts": {"path":"E:\\play-element\\packages\\components\\Icon\\index.ts","all":false,"statementMap":{"0":{"start":{"line":1,"column":0},"end":{"line":1,"column":30}},"1":{"start":{"line":2,"column":0},"end":{"line":2,"column":50}},"2":{"start":{"line":3,"column":0},"end":{"line":3,"column":0}},"3":{"start":{"line":4,"column":0},"end":{"line":4,"column":40}},"4":{"start":{"line":5,"column":0},"end":{"line":5,"column":0}},"5":{"start":{"line":6,"column":0},"end":{"line":6,"column":24}}},"s":{"0":1,"1":1,"2":1,"3":1,"4":1,"5":1},"branchMap":{},"b":{},"fnMap":{},"f":{}}
,"E:\\play-element\\packages\\components\\Icon\\types.ts": {"path":"E:\\play-element\\packages\\components\\Icon\\types.ts","all":false,"statementMap":{"0":{"start":{"line":1,"column":0},"end":{"line":1,"column":72}},"1":{"start":{"line":2,"column":0},"end":{"line":2,"column":0}},"2":{"start":{"line":3,"column":0},"end":{"line":3,"column":28}},"3":{"start":{"line":4,"column":0},"end":{"line":4,"column":19}},"4":{"start":{"line":5,"column":0},"end":{"line":5,"column":23}},"5":{"start":{"line":6,"column":0},"end":{"line":6,"column":44}},"6":{"start":{"line":7,"column":0},"end":{"line":7,"column":57}},"7":{"start":{"line":8,"column":0},"end":{"line":8,"column":41}},"8":{"start":{"line":9,"column":0},"end":{"line":9,"column":21}},"9":{"start":{"line":10,"column":0},"end":{"line":10,"column":26}},"10":{"start":{"line":11,"column":0},"end":{"line":11,"column":18}},"11":{"start":{"line":12,"column":0},"end":{"line":12,"column":51}},"12":{"start":{"line":13,"column":0},"end":{"line":13,"column":24}},"13":{"start":{"line":14,"column":0},"end":{"line":14,"column":8}},"14":{"start":{"line":15,"column":0},"end":{"line":15,"column":11}},"15":{"start":{"line":16,"column":0},"end":{"line":16,"column":10}},"16":{"start":{"line":17,"column":0},"end":{"line":17,"column":10}},"17":{"start":{"line":18,"column":0},"end":{"line":18,"column":10}},"18":{"start":{"line":19,"column":0},"end":{"line":19,"column":10}},"19":{"start":{"line":20,"column":0},"end":{"line":20,"column":11}},"20":{"start":{"line":21,"column":0},"end":{"line":21,"column":10}},"21":{"start":{"line":22,"column":0},"end":{"line":22,"column":10}},"22":{"start":{"line":23,"column":0},"end":{"line":23,"column":10}},"23":{"start":{"line":24,"column":0},"end":{"line":24,"column":10}},"24":{"start":{"line":25,"column":0},"end":{"line":25,"column":10}},"25":{"start":{"line":26,"column":0},"end":{"line":26,"column":10}},"26":{"start":{"line":27,"column":0},"end":{"line":27,"column":10}},"27":{"start":{"line":28,"column":0},"end":{"line":28,"column":10}},"28":{"start":{"line":29,"column":0},"end":{"line":29,"column":10}},"29":{"start":{"line":30,"column":0},"end":{"line":30,"column":12}},"30":{"start":{"line":31,"column":0},"end":{"line":31,"column":17}},"31":{"start":{"line":32,"column":0},"end":{"line":32,"column":30}},"32":{"start":{"line":33,"column":0},"end":{"line":33,"column":28}},"33":{"start":{"line":34,"column":0},"end":{"line":34,"column":17}},"34":{"start":{"line":35,"column":0},"end":{"line":35,"column":20}},"35":{"start":{"line":36,"column":0},"end":{"line":36,"column":19}},"36":{"start":{"line":37,"column":0},"end":{"line":37,"column":18}},"37":{"start":{"line":38,"column":0},"end":{"line":38,"column":17}},"38":{"start":{"line":39,"column":0},"end":{"line":39,"column":17}},"39":{"start":{"line":40,"column":0},"end":{"line":40,"column":21}},"40":{"start":{"line":41,"column":0},"end":{"line":41,"column":22}},"41":{"start":{"line":42,"column":0},"end":{"line":42,"column":24}},"42":{"start":{"line":43,"column":0},"end":{"line":43,"column":63}},"43":{"start":{"line":44,"column":0},"end":{"line":44,"column":17}},"44":{"start":{"line":45,"column":0},"end":{"line":45,"column":1}}},"s":{"0":1,"1":1,"2":1,"3":1,"4":1,"5":1,"6":1,"7":1,"8":1,"9":1,"10":1,"11":1,"12":1,"13":1,"14":1,"15":1,"16":1,"17":1,"18":1,"19":1,"20":1,"21":1,"22":1,"23":1,"24":1,"25":1,"26":1,"27":1,"28":1,"29":1,"30":1,"31":1,"32":1,"33":1,"34":1,"35":1,"36":1,"37":1,"38":1,"39":1,"40":1,"41":1,"42":1,"43":1,"44":1},"branchMap":{},"b":{},"fnMap":{},"f":{}}
,"E:\\play-element\\packages\\components\\Popconfirm\\Popconfirm.vue": {"path":"E:\\play-element\\packages\\components\\Popconfirm\\Popconfirm.vue","all":false,"statementMap":{"0":{"start":{"line":1,"column":0},"end":{"line":1,"column":24}},"1":{"start":{"line":2,"column":0},"end":{"line":2,"column":36}},"2":{"start":{"line":3,"column":0},"end":{"line":3,"column":39}},"3":{"start":{"line":4,"column":0},"end":{"line":4,"column":56}},"4":{"start":{"line":5,"column":0},"end":{"line":5,"column":64}},"5":{"start":{"line":6,"column":0},"end":{"line":6,"column":37}},"6":{"start":{"line":7,"column":0},"end":{"line":7,"column":33}},"7":{"start":{"line":8,"column":0},"end":{"line":8,"column":46}},"8":{"start":{"line":9,"column":0},"end":{"line":9,"column":0}},"9":{"start":{"line":10,"column":0},"end":{"line":10,"column":15}},"10":{"start":{"line":11,"column":0},"end":{"line":11,"column":23}},"11":{"start":{"line":12,"column":0},"end":{"line":12,"column":3}},"12":{"start":{"line":13,"column":0},"end":{"line":13,"column":0}},"13":{"start":{"line":14,"column":0},"end":{"line":14,"column":60}},"14":{"start":{"line":15,"column":0},"end":{"line":15,"column":12}},"15":{"start":{"line":16,"column":0},"end":{"line":16,"column":31}},"16":{"start":{"line":17,"column":0},"end":{"line":17,"column":26}},"17":{"start":{"line":18,"column":0},"end":{"line":18,"column":20}},"18":{"start":{"line":19,"column":0},"end":{"line":19,"column":17}},"19":{"start":{"line":20,"column":0},"end":{"line":20,"column":13}},"20":{"start":{"line":21,"column":0},"end":{"line":21,"column":3}},"21":{"start":{"line":22,"column":0},"end":{"line":22,"column":45}},"22":{"start":{"line":23,"column":0},"end":{"line":23,"column":42}},"23":{"start":{"line":24,"column":0},"end":{"line":24,"column":64}},"24":{"start":{"line":25,"column":0},"end":{"line":25,"column":0}},"25":{"start":{"line":26,"column":0},"end":{"line":26,"column":23}},"26":{"start":{"line":27,"column":0},"end":{"line":27,"column":27}},"27":{"start":{"line":28,"column":0},"end":{"line":28,"column":1}},"28":{"start":{"line":29,"column":0},"end":{"line":29,"column":0}},"29":{"start":{"line":30,"column":0},"end":{"line":30,"column":33}},"30":{"start":{"line":31,"column":0},"end":{"line":31,"column":22}},"31":{"start":{"line":32,"column":0},"end":{"line":32,"column":15}},"32":{"start":{"line":33,"column":0},"end":{"line":33,"column":1}},"33":{"start":{"line":34,"column":0},"end":{"line":34,"column":0}},"34":{"start":{"line":35,"column":0},"end":{"line":35,"column":32}},"35":{"start":{"line":36,"column":0},"end":{"line":36,"column":21}},"36":{"start":{"line":37,"column":0},"end":{"line":37,"column":15}},"37":{"start":{"line":38,"column":0},"end":{"line":38,"column":1}},"38":{"start":{"line":39,"column":0},"end":{"line":39,"column":9}},"39":{"start":{"line":40,"column":0},"end":{"line":40,"column":0}},"40":{"start":{"line":41,"column":0},"end":{"line":41,"column":10}},"41":{"start":{"line":42,"column":0},"end":{"line":42,"column":73}},"42":{"start":{"line":43,"column":0},"end":{"line":43,"column":23}},"43":{"start":{"line":44,"column":0},"end":{"line":44,"column":48}},"44":{"start":{"line":45,"column":0},"end":{"line":45,"column":41}},"45":{"start":{"line":46,"column":0},"end":{"line":46,"column":78}},"46":{"start":{"line":47,"column":0},"end":{"line":47,"column":21}},"47":{"start":{"line":48,"column":0},"end":{"line":48,"column":14}},"48":{"start":{"line":49,"column":0},"end":{"line":49,"column":43}},"49":{"start":{"line":50,"column":0},"end":{"line":50,"column":20}},"50":{"start":{"line":51,"column":0},"end":{"line":51,"column":41}},"51":{"start":{"line":52,"column":0},"end":{"line":52,"column":24}},"52":{"start":{"line":53,"column":0},"end":{"line":53,"column":36}},"53":{"start":{"line":54,"column":0},"end":{"line":54,"column":27}},"54":{"start":{"line":55,"column":0},"end":{"line":55,"column":11}},"55":{"start":{"line":56,"column":0},"end":{"line":56,"column":77}},"56":{"start":{"line":57,"column":0},"end":{"line":57,"column":22}},"57":{"start":{"line":58,"column":0},"end":{"line":58,"column":20}},"58":{"start":{"line":59,"column":0},"end":{"line":59,"column":42}},"59":{"start":{"line":60,"column":0},"end":{"line":60,"column":24}},"60":{"start":{"line":61,"column":0},"end":{"line":61,"column":37}},"61":{"start":{"line":62,"column":0},"end":{"line":62,"column":28}},"62":{"start":{"line":63,"column":0},"end":{"line":63,"column":11}},"63":{"start":{"line":64,"column":0},"end":{"line":64,"column":79}},"64":{"start":{"line":65,"column":0},"end":{"line":65,"column":22}},"65":{"start":{"line":66,"column":0},"end":{"line":66,"column":14}},"66":{"start":{"line":67,"column":0},"end":{"line":67,"column":12}},"67":{"start":{"line":68,"column":0},"end":{"line":68,"column":15}},"68":{"start":{"line":69,"column":0},"end":{"line":69,"column":0}},"69":{"start":{"line":70,"column":0},"end":{"line":70,"column":45}},"70":{"start":{"line":71,"column":0},"end":{"line":71,"column":34}},"71":{"start":{"line":72,"column":0},"end":{"line":72,"column":15}},"72":{"start":{"line":73,"column":0},"end":{"line":73,"column":0}},"73":{"start":{"line":74,"column":0},"end":{"line":74,"column":47}},"74":{"start":{"line":75,"column":0},"end":{"line":75,"column":36}},"75":{"start":{"line":76,"column":0},"end":{"line":76,"column":15}},"76":{"start":{"line":77,"column":0},"end":{"line":77,"column":15}},"77":{"start":{"line":78,"column":0},"end":{"line":78,"column":11}},"78":{"start":{"line":79,"column":0},"end":{"line":79,"column":0}},"79":{"start":{"line":80,"column":0},"end":{"line":80,"column":7}},"80":{"start":{"line":81,"column":0},"end":{"line":81,"column":22}},"81":{"start":{"line":82,"column":0},"end":{"line":82,"column":8}}},"s":{"0":1,"1":1,"2":1,"3":1,"4":1,"5":1,"6":1,"7":1,"8":1,"9":1,"10":1,"11":1,"12":1,"13":1,"14":1,"15":1,"16":1,"17":1,"18":1,"19":1,"20":1,"21":1,"22":1,"23":1,"24":1,"25":0,"26":0,"27":0,"28":1,"29":0,"30":0,"31":0,"32":0,"33":1,"34":0,"35":0,"36":0,"37":0,"38":1,"39":1,"40":1,"41":1,"42":1,"43":1,"44":1,"45":1,"46":1,"47":1,"48":1,"49":1,"50":1,"51":1,"52":1,"53":1,"54":1,"55":1,"56":1,"57":1,"58":1,"59":1,"60":1,"61":1,"62":1,"63":1,"64":1,"65":1,"66":1,"67":1,"68":1,"69":1,"70":1,"71":1,"72":1,"73":1,"74":1,"75":1,"76":1,"77":1,"78":1,"79":1,"80":1,"81":1},"branchMap":{"0":{"type":"branch","line":1,"loc":{"start":{"line":1,"column":0},"end":{"line":1,"column":24}},"locations":[{"start":{"line":1,"column":0},"end":{"line":1,"column":24}}]},"1":{"type":"branch","line":71,"loc":{"start":{"line":71,"column":6},"end":{"line":71,"column":34}},"locations":[{"start":{"line":71,"column":6},"end":{"line":71,"column":34}}]}},"b":{"0":[1],"1":[1]},"fnMap":{"0":{"name":"hidePopper","decl":{"start":{"line":26,"column":0},"end":{"line":28,"column":1}},"loc":{"start":{"line":26,"column":0},"end":{"line":28,"column":1}},"line":26},"1":{"name":"confrim","decl":{"start":{"line":30,"column":0},"end":{"line":33,"column":1}},"loc":{"start":{"line":30,"column":0},"end":{"line":33,"column":1}},"line":30},"2":{"name":"cancel","decl":{"start":{"line":35,"column":0},"end":{"line":38,"column":1}},"loc":{"start":{"line":35,"column":0},"end":{"line":38,"column":1}},"line":35}},"f":{"0":0,"1":0,"2":0}}
,"E:\\play-element\\packages\\components\\Popconfirm\\index.ts": {"path":"E:\\play-element\\packages\\components\\Popconfirm\\index.ts","all":false,"statementMap":{"0":{"start":{"line":1,"column":0},"end":{"line":1,"column":42}},"1":{"start":{"line":2,"column":0},"end":{"line":2,"column":50}},"2":{"start":{"line":3,"column":0},"end":{"line":3,"column":0}},"3":{"start":{"line":4,"column":0},"end":{"line":4,"column":52}},"4":{"start":{"line":5,"column":0},"end":{"line":5,"column":0}},"5":{"start":{"line":6,"column":0},"end":{"line":6,"column":24}}},"s":{"0":1,"1":1,"2":1,"3":1,"4":1,"5":1},"branchMap":{},"b":{},"fnMap":{},"f":{}}
,"E:\\play-element\\packages\\components\\Popconfirm\\types.ts": {"path":"E:\\play-element\\packages\\components\\Popconfirm\\types.ts","all":false,"statementMap":{"0":{"start":{"line":1,"column":0},"end":{"line":1,"column":50}},"1":{"start":{"line":2,"column":0},"end":{"line":2,"column":0}},"2":{"start":{"line":3,"column":0},"end":{"line":3,"column":34}},"3":{"start":{"line":4,"column":0},"end":{"line":4,"column":16}},"4":{"start":{"line":5,"column":0},"end":{"line":5,"column":29}},"5":{"start":{"line":6,"column":0},"end":{"line":6,"column":28}},"6":{"start":{"line":7,"column":0},"end":{"line":7,"column":33}},"7":{"start":{"line":8,"column":0},"end":{"line":8,"column":32}},"8":{"start":{"line":9,"column":0},"end":{"line":9,"column":16}},"9":{"start":{"line":10,"column":0},"end":{"line":10,"column":21}},"10":{"start":{"line":11,"column":0},"end":{"line":11,"column":21}},"11":{"start":{"line":12,"column":0},"end":{"line":12,"column":21}},"12":{"start":{"line":13,"column":0},"end":{"line":13,"column":26}},"13":{"start":{"line":14,"column":0},"end":{"line":14,"column":1}},"14":{"start":{"line":15,"column":0},"end":{"line":15,"column":0}},"15":{"start":{"line":16,"column":0},"end":{"line":16,"column":34}},"16":{"start":{"line":17,"column":0},"end":{"line":17,"column":42}},"17":{"start":{"line":18,"column":0},"end":{"line":18,"column":41}},"18":{"start":{"line":19,"column":0},"end":{"line":19,"column":1}}},"s":{"0":1,"1":1,"2":1,"3":1,"4":1,"5":1,"6":1,"7":1,"8":1,"9":1,"10":1,"11":1,"12":1,"13":1,"14":1,"15":1,"16":1,"17":1,"18":1},"branchMap":{},"b":{},"fnMap":{},"f":{}}
,"E:\\play-element\\packages\\components\\Tooltip\\Tooltip.vue": {"path":"E:\\play-element\\packages\\components\\Tooltip\\Tooltip.vue","all":false,"statementMap":{"0":{"start":{"line":1,"column":0},"end":{"line":1,"column":24}},"1":{"start":{"line":2,"column":0},"end":{"line":2,"column":75}},"2":{"start":{"line":3,"column":0},"end":{"line":3,"column":61}},"3":{"start":{"line":4,"column":0},"end":{"line":4,"column":63}},"4":{"start":{"line":5,"column":0},"end":{"line":5,"column":79}},"5":{"start":{"line":6,"column":0},"end":{"line":6,"column":54}},"6":{"start":{"line":7,"column":0},"end":{"line":7,"column":0}},"7":{"start":{"line":8,"column":0},"end":{"line":8,"column":60}},"8":{"start":{"line":9,"column":0},"end":{"line":9,"column":0}},"9":{"start":{"line":10,"column":0},"end":{"line":10,"column":46}},"10":{"start":{"line":11,"column":0},"end":{"line":11,"column":34}},"11":{"start":{"line":12,"column":0},"end":{"line":12,"column":30}},"12":{"start":{"line":13,"column":0},"end":{"line":13,"column":1}},"13":{"start":{"line":14,"column":0},"end":{"line":14,"column":0}},"14":{"start":{"line":15,"column":0},"end":{"line":15,"column":15}},"15":{"start":{"line":16,"column":0},"end":{"line":16,"column":20}},"16":{"start":{"line":17,"column":0},"end":{"line":17,"column":3}},"17":{"start":{"line":18,"column":0},"end":{"line":18,"column":58}},"18":{"start":{"line":19,"column":0},"end":{"line":19,"column":22}},"19":{"start":{"line":20,"column":0},"end":{"line":20,"column":19}},"20":{"start":{"line":21,"column":0},"end":{"line":21,"column":21}},"21":{"start":{"line":22,"column":0},"end":{"line":22,"column":17}},"22":{"start":{"line":23,"column":0},"end":{"line":23,"column":19}},"23":{"start":{"line":24,"column":0},"end":{"line":24,"column":3}},"24":{"start":{"line":25,"column":0},"end":{"line":25,"column":0}},"25":{"start":{"line":26,"column":0},"end":{"line":26,"column":42}},"26":{"start":{"line":27,"column":0},"end":{"line":27,"column":27}},"27":{"start":{"line":28,"column":0},"end":{"line":28,"column":0}},"28":{"start":{"line":29,"column":0},"end":{"line":29,"column":59}},"29":{"start":{"line":30,"column":0},"end":{"line":30,"column":64}},"30":{"start":{"line":31,"column":0},"end":{"line":31,"column":67}},"31":{"start":{"line":32,"column":0},"end":{"line":32,"column":0}},"32":{"start":{"line":33,"column":0},"end":{"line":33,"column":41}},"33":{"start":{"line":34,"column":0},"end":{"line":34,"column":38}},"34":{"start":{"line":35,"column":0},"end":{"line":35,"column":40}},"35":{"start":{"line":36,"column":0},"end":{"line":36,"column":0}},"36":{"start":{"line":37,"column":0},"end":{"line":37,"column":36}},"37":{"start":{"line":38,"column":0},"end":{"line":38,"column":32}},"38":{"start":{"line":39,"column":0},"end":{"line":39,"column":67}},"39":{"start":{"line":40,"column":0},"end":{"line":40,"column":3}},"40":{"start":{"line":41,"column":0},"end":{"line":41,"column":43}},"41":{"start":{"line":42,"column":0},"end":{"line":42,"column":3}},"42":{"start":{"line":43,"column":0},"end":{"line":43,"column":0}},"43":{"start":{"line":44,"column":0},"end":{"line":44,"column":39}},"44":{"start":{"line":45,"column":0},"end":{"line":45,"column":29}},"45":{"start":{"line":46,"column":0},"end":{"line":46,"column":14}},"46":{"start":{"line":47,"column":0},"end":{"line":47,"column":5}},"47":{"start":{"line":48,"column":0},"end":{"line":48,"column":21}},"48":{"start":{"line":49,"column":0},"end":{"line":49,"column":16}},"49":{"start":{"line":50,"column":0},"end":{"line":50,"column":23}},"50":{"start":{"line":51,"column":0},"end":{"line":51,"column":8}},"51":{"start":{"line":52,"column":0},"end":{"line":52,"column":6}},"52":{"start":{"line":53,"column":0},"end":{"line":53,"column":4}},"53":{"start":{"line":54,"column":0},"end":{"line":54,"column":25}},"54":{"start":{"line":55,"column":0},"end":{"line":55,"column":4}},"55":{"start":{"line":56,"column":0},"end":{"line":56,"column":0}},"56":{"start":{"line":57,"column":0},"end":{"line":57,"column":32}},"57":{"start":{"line":58,"column":0},"end":{"line":58,"column":51}},"58":{"start":{"line":59,"column":0},"end":{"line":59,"column":2}},"59":{"start":{"line":60,"column":0},"end":{"line":60,"column":33}},"60":{"start":{"line":61,"column":0},"end":{"line":61,"column":51}},"61":{"start":{"line":62,"column":0},"end":{"line":62,"column":2}},"62":{"start":{"line":63,"column":0},"end":{"line":63,"column":0}},"63":{"start":{"line":64,"column":0},"end":{"line":64,"column":62}},"64":{"start":{"line":65,"column":0},"end":{"line":65,"column":39}},"65":{"start":{"line":66,"column":0},"end":{"line":66,"column":41}},"66":{"start":{"line":67,"column":0},"end":{"line":67,"column":47}},"67":{"start":{"line":68,"column":0},"end":{"line":68,"column":49}},"68":{"start":{"line":69,"column":0},"end":{"line":69,"column":3}},"69":{"start":{"line":70,"column":0},"end":{"line":70,"column":39}},"70":{"start":{"line":71,"column":0},"end":{"line":71,"column":39}},"71":{"start":{"line":72,"column":0},"end":{"line":72,"column":3}},"72":{"start":{"line":73,"column":0},"end":{"line":73,"column":45}},"73":{"start":{"line":74,"column":0},"end":{"line":74,"column":40}},"74":{"start":{"line":75,"column":0},"end":{"line":75,"column":23}},"75":{"start":{"line":76,"column":0},"end":{"line":76,"column":16}},"76":{"start":{"line":77,"column":0},"end":{"line":77,"column":4}},"77":{"start":{"line":78,"column":0},"end":{"line":78,"column":3}},"78":{"start":{"line":79,"column":0},"end":{"line":79,"column":0}},"79":{"start":{"line":80,"column":0},"end":{"line":80,"column":51}},"80":{"start":{"line":81,"column":0},"end":{"line":81,"column":52}},"81":{"start":{"line":82,"column":0},"end":{"line":82,"column":0}},"82":{"start":{"line":83,"column":0},"end":{"line":83,"column":22}},"83":{"start":{"line":84,"column":0},"end":{"line":84,"column":26}},"84":{"start":{"line":85,"column":0},"end":{"line":85,"column":19}},"85":{"start":{"line":86,"column":0},"end":{"line":86,"column":1}},"86":{"start":{"line":87,"column":0},"end":{"line":87,"column":0}},"87":{"start":{"line":88,"column":0},"end":{"line":88,"column":23}},"88":{"start":{"line":89,"column":0},"end":{"line":89,"column":25}},"89":{"start":{"line":90,"column":0},"end":{"line":90,"column":20}},"90":{"start":{"line":91,"column":0},"end":{"line":91,"column":1}},"91":{"start":{"line":92,"column":0},"end":{"line":92,"column":0}},"92":{"start":{"line":93,"column":0},"end":{"line":93,"column":25}},"93":{"start":{"line":94,"column":0},"end":{"line":94,"column":45}},"94":{"start":{"line":95,"column":0},"end":{"line":95,"column":1}},"95":{"start":{"line":96,"column":0},"end":{"line":96,"column":0}},"96":{"start":{"line":97,"column":0},"end":{"line":97,"column":35}},"97":{"start":{"line":98,"column":0},"end":{"line":98,"column":29}},"98":{"start":{"line":99,"column":0},"end":{"line":99,"column":22}},"99":{"start":{"line":100,"column":0},"end":{"line":100,"column":31}},"100":{"start":{"line":101,"column":0},"end":{"line":101,"column":1}},"101":{"start":{"line":102,"column":0},"end":{"line":102,"column":0}},"102":{"start":{"line":103,"column":0},"end":{"line":103,"column":25}},"103":{"start":{"line":104,"column":0},"end":{"line":104,"column":45}},"104":{"start":{"line":105,"column":0},"end":{"line":105,"column":0}},"105":{"start":{"line":106,"column":0},"end":{"line":106,"column":44}},"106":{"start":{"line":107,"column":0},"end":{"line":107,"column":1}},"107":{"start":{"line":108,"column":0},"end":{"line":108,"column":0}},"108":{"start":{"line":109,"column":0},"end":{"line":109,"column":36}},"109":{"start":{"line":110,"column":0},"end":{"line":110,"column":0}},"110":{"start":{"line":111,"column":0},"end":{"line":111,"column":34}},"111":{"start":{"line":112,"column":0},"end":{"line":112,"column":28}},"112":{"start":{"line":113,"column":0},"end":{"line":113,"column":24}},"113":{"start":{"line":114,"column":0},"end":{"line":114,"column":1}},"114":{"start":{"line":115,"column":0},"end":{"line":115,"column":0}},"115":{"start":{"line":116,"column":0},"end":{"line":116,"column":24}},"116":{"start":{"line":117,"column":0},"end":{"line":117,"column":20}},"117":{"start":{"line":118,"column":0},"end":{"line":118,"column":25}},"118":{"start":{"line":119,"column":0},"end":{"line":119,"column":28}},"119":{"start":{"line":120,"column":0},"end":{"line":120,"column":0}},"120":{"start":{"line":121,"column":0},"end":{"line":121,"column":17}},"121":{"start":{"line":122,"column":0},"end":{"line":122,"column":1}},"122":{"start":{"line":123,"column":0},"end":{"line":123,"column":0}},"123":{"start":{"line":124,"column":0},"end":{"line":124,"column":48}},"124":{"start":{"line":125,"column":0},"end":{"line":125,"column":51}},"125":{"start":{"line":126,"column":0},"end":{"line":126,"column":25}},"126":{"start":{"line":127,"column":0},"end":{"line":127,"column":20}},"127":{"start":{"line":128,"column":0},"end":{"line":128,"column":2}},"128":{"start":{"line":129,"column":0},"end":{"line":129,"column":0}},"129":{"start":{"line":130,"column":0},"end":{"line":130,"column":6}},"130":{"start":{"line":131,"column":0},"end":{"line":131,"column":10}},"131":{"start":{"line":132,"column":0},"end":{"line":132,"column":12}},"132":{"start":{"line":133,"column":0},"end":{"line":133,"column":21}},"133":{"start":{"line":134,"column":0},"end":{"line":134,"column":48}},"134":{"start":{"line":135,"column":0},"end":{"line":135,"column":36}},"135":{"start":{"line":136,"column":0},"end":{"line":136,"column":26}},"136":{"start":{"line":137,"column":0},"end":{"line":137,"column":25}},"137":{"start":{"line":138,"column":0},"end":{"line":138,"column":27}},"138":{"start":{"line":139,"column":0},"end":{"line":139,"column":8}},"139":{"start":{"line":140,"column":0},"end":{"line":140,"column":5}},"140":{"start":{"line":141,"column":0},"end":{"line":141,"column":4}},"141":{"start":{"line":142,"column":0},"end":{"line":142,"column":19}},"142":{"start":{"line":143,"column":0},"end":{"line":143,"column":2}},"143":{"start":{"line":144,"column":0},"end":{"line":144,"column":0}},"144":{"start":{"line":145,"column":0},"end":{"line":145,"column":6}},"145":{"start":{"line":146,"column":0},"end":{"line":146,"column":21}},"146":{"start":{"line":147,"column":0},"end":{"line":147,"column":17}},"147":{"start":{"line":148,"column":0},"end":{"line":148,"column":19}},"148":{"start":{"line":149,"column":0},"end":{"line":149,"column":20}},"149":{"start":{"line":150,"column":0},"end":{"line":150,"column":13}},"150":{"start":{"line":151,"column":0},"end":{"line":151,"column":5}},"151":{"start":{"line":152,"column":0},"end":{"line":152,"column":19}},"152":{"start":{"line":153,"column":0},"end":{"line":153,"column":3}},"153":{"start":{"line":154,"column":0},"end":{"line":154,"column":2}},"154":{"start":{"line":155,"column":0},"end":{"line":155,"column":0}},"155":{"start":{"line":156,"column":0},"end":{"line":156,"column":6}},"156":{"start":{"line":157,"column":0},"end":{"line":157,"column":22}},"157":{"start":{"line":158,"column":0},"end":{"line":158,"column":9}},"158":{"start":{"line":159,"column":0},"end":{"line":159,"column":27}},"159":{"start":{"line":160,"column":0},"end":{"line":160,"column":26}},"160":{"start":{"line":161,"column":0},"end":{"line":161,"column":35}},"161":{"start":{"line":162,"column":0},"end":{"line":162,"column":18}},"162":{"start":{"line":163,"column":0},"end":{"line":163,"column":3}},"163":{"start":{"line":164,"column":0},"end":{"line":164,"column":2}},"164":{"start":{"line":165,"column":0},"end":{"line":165,"column":0}},"165":{"start":{"line":166,"column":0},"end":{"line":166,"column":19}},"166":{"start":{"line":167,"column":0},"end":{"line":167,"column":11}},"167":{"start":{"line":168,"column":0},"end":{"line":168,"column":22}},"168":{"start":{"line":169,"column":0},"end":{"line":169,"column":19}},"169":{"start":{"line":170,"column":0},"end":{"line":170,"column":3}},"170":{"start":{"line":171,"column":0},"end":{"line":171,"column":73}},"171":{"start":{"line":172,"column":0},"end":{"line":172,"column":76}},"172":{"start":{"line":173,"column":0},"end":{"line":173,"column":3}},"173":{"start":{"line":174,"column":0},"end":{"line":174,"column":0}},"174":{"start":{"line":175,"column":0},"end":{"line":175,"column":38}},"175":{"start":{"line":176,"column":0},"end":{"line":176,"column":25}},"176":{"start":{"line":177,"column":0},"end":{"line":177,"column":56}},"177":{"start":{"line":178,"column":0},"end":{"line":178,"column":0}},"178":{"start":{"line":179,"column":0},"end":{"line":179,"column":32}},"179":{"start":{"line":180,"column":0},"end":{"line":180,"column":3}},"180":{"start":{"line":181,"column":0},"end":{"line":181,"column":0}},"181":{"start":{"line":182,"column":0},"end":{"line":182,"column":57}},"182":{"start":{"line":183,"column":0},"end":{"line":183,"column":25}},"183":{"start":{"line":184,"column":0},"end":{"line":184,"column":20}},"184":{"start":{"line":185,"column":0},"end":{"line":185,"column":3}},"185":{"start":{"line":186,"column":0},"end":{"line":186,"column":0}},"186":{"start":{"line":187,"column":0},"end":{"line":187,"column":19}},"187":{"start":{"line":188,"column":0},"end":{"line":188,"column":26}},"188":{"start":{"line":189,"column":0},"end":{"line":189,"column":3}},"189":{"start":{"line":190,"column":0},"end":{"line":190,"column":0}},"190":{"start":{"line":191,"column":0},"end":{"line":191,"column":31}},"191":{"start":{"line":192,"column":0},"end":{"line":192,"column":7}},"192":{"start":{"line":193,"column":0},"end":{"line":193,"column":7}},"193":{"start":{"line":194,"column":0},"end":{"line":194,"column":3}},"194":{"start":{"line":195,"column":0},"end":{"line":195,"column":9}},"195":{"start":{"line":196,"column":0},"end":{"line":196,"column":0}},"196":{"start":{"line":197,"column":0},"end":{"line":197,"column":10}},"197":{"start":{"line":198,"column":0},"end":{"line":198,"column":65}},"198":{"start":{"line":199,"column":0},"end":{"line":199,"column":8}},"199":{"start":{"line":200,"column":0},"end":{"line":200,"column":33}},"200":{"start":{"line":201,"column":0},"end":{"line":201,"column":24}},"201":{"start":{"line":202,"column":0},"end":{"line":202,"column":19}},"202":{"start":{"line":203,"column":0},"end":{"line":203,"column":31}},"203":{"start":{"line":204,"column":0},"end":{"line":204,"column":5}},"204":{"start":{"line":205,"column":0},"end":{"line":205,"column":19}},"205":{"start":{"line":206,"column":0},"end":{"line":206,"column":10}},"206":{"start":{"line":207,"column":0},"end":{"line":207,"column":39}},"207":{"start":{"line":208,"column":0},"end":{"line":208,"column":0}},"208":{"start":{"line":
[...]
line":41,"column":43}},"locations":[{"start":{"line":40,"column":2},"end":{"line":41,"column":43}}]},"4":{"type":"branch","line":44,"loc":{"start":{"line":44,"column":31},"end":{"line":55,"column":2}},"locations":[{"start":{"line":44,"column":31},"end":{"line":55,"column":2}}]},"5":{"type":"branch","line":57,"loc":{"start":{"line":57,"column":27},"end":{"line":58,"column":51}},"locations":[{"start":{"line":57,"column":27},"end":{"line":58,"column":51}}]},"6":{"type":"branch","line":58,"loc":{"start":{"line":58,"column":20},"end":{"line":58,"column":50}},"locations":[{"start":{"line":58,"column":20},"end":{"line":58,"column":50}}]},"7":{"type":"branch","line":58,"loc":{"start":{"line":58,"column":36},"end":{"line":58,"column":51}},"locations":[{"start":{"line":58,"column":36},"end":{"line":58,"column":51}}]},"8":{"type":"branch","line":60,"loc":{"start":{"line":60,"column":28},"end":{"line":61,"column":51}},"locations":[{"start":{"line":60,"column":28},"end":{"line":61,"column":51}}]},"9":{"type":"branch","line":61,"loc":{"start":{"line":61,"column":20},"end":{"line":61,"column":50}},"locations":[{"start":{"line":61,"column":20},"end":{"line":61,"column":50}}]},"10":{"type":"branch","line":61,"loc":{"start":{"line":61,"column":36},"end":{"line":61,"column":51}},"locations":[{"start":{"line":61,"column":36},"end":{"line":61,"column":51}}]},"11":{"type":"branch","line":65,"loc":{"start":{"line":65,"column":32},"end":{"line":69,"column":1}},"locations":[{"start":{"line":65,"column":32},"end":{"line":69,"column":1}}]},"12":{"type":"branch","line":70,"loc":{"start":{"line":70,"column":32},"end":{"line":72,"column":1}},"locations":[{"start":{"line":70,"column":32},"end":{"line":72,"column":1}}]},"13":{"type":"branch","line":73,"loc":{"start":{"line":73,"column":38},"end":{"line":78,"column":1}},"locations":[{"start":{"line":73,"column":38},"end":{"line":78,"column":1}}]},"14":{"type":"branch","line":74,"loc":{"start":{"line":74,"column":32},"end":{"line":77,"column":4}},"locations":[{"start":{"line":74,"column":32},"end":{"line":77,"column":4}}]},"15":{"type":"branch","line":83,"loc":{"start":{"line":83,"column":0},"end":{"line":86,"column":1}},"locations":[{"start":{"line":83,"column":0},"end":{"line":86,"column":1}}]},"16":{"type":"branch","line":88,"loc":{"start":{"line":88,"column":0},"end":{"line":91,"column":1}},"locations":[{"start":{"line":88,"column":0},"end":{"line":91,"column":1}}]},"17":{"type":"branch","line":93,"loc":{"start":{"line":93,"column":0},"end":{"line":95,"column":1}},"locations":[{"start":{"line":93,"column":0},"end":{"line":95,"column":1}}]},"18":{"type":"branch","line":94,"loc":{"start":{"line":94,"column":10},"end":{"line":94,"column":33}},"locations":[{"start":{"line":94,"column":10},"end":{"line":94,"column":33}}]},"19":{"type":"branch","line":94,"loc":{"start":{"line":94,"column":29},"end":{"line":94,"column":45}},"locations":[{"start":{"line":94,"column":29},"end":{"line":94,"column":45}}]},"20":{"type":"branch","line":97,"loc":{"start":{"line":97,"column":0},"end":{"line":101,"column":1}},"locations":[{"start":{"line":97,"column":0},"end":{"line":101,"column":1}}]},"21":{"type":"branch","line":98,"loc":{"start":{"line":98,"column":22},"end":{"line":98,"column":29}},"locations":[{"start":{"line":98,"column":22},"end":{"line":98,"column":29}}]},"22":{"type":"branch","line":98,"loc":{"start":{"line":98,"column":22},"end":{"line":100,"column":31}},"locations":[{"start":{"line":98,"column":22},"end":{"line":100,"column":31}}]},"23":{"type":"branch","line":103,"loc":{"start":{"line":103,"column":0},"end":{"line":107,"column":1}},"locations":[{"start":{"line":103,"column":0},"end":{"line":107,"column":1}}]},"24":{"type":"branch","line":104,"loc":{"start":{"line":104,"column":12},"end":{"line":104,"column":38}},"locations":[{"start":{"line":104,"column":12},"end":{"line":104,"column":38}}]},"25":{"type":"branch","line":104,"loc":{"start":{"line":104,"column":38},"end":{"line":104,"column":45}},"locations":[{"start":{"line":104,"column":38},"end":{"line":104,"column":45}}]},"26":{"type":"branch","line":104,"loc":{"start":{"line":104,"column":38},"end":{"line":106,"column":44}},"locations":[{"start":{"line":104,"column":38},"end":{"line":106,"column":44}}]},"27":{"type":"branch","line":111,"loc":{"start":{"line":111,"column":0},"end":{"line":114,"column":1}},"locations":[{"start":{"line":111,"column":0},"end":{"line":114,"column":1}}]},"28":{"type":"branch","line":112,"loc":{"start":{"line":112,"column":2},"end":{"line":112,"column":26}},"locations":[{"start":{"line":112,"column":2},"end":{"line":112,"column":26}}]},"29":{"type":"branch","line":116,"loc":{"start":{"line":116,"column":0},"end":{"line":122,"column":1}},"locations":[{"start":{"line":116,"column":0},"end":{"line":122,"column":1}}]},"30":{"type":"branch","line":125,"loc":{"start":{"line":125,"column":38},"end":{"line":128,"column":2}},"locations":[{"start":{"line":125,"column":38},"end":{"line":128,"column":2}}]},"31":{"type":"branch","line":132,"loc":{"start":{"line":132,"column":2},"end":{"line":141,"column":4}},"locations":[{"start":{"line":132,"column":2},"end":{"line":141,"column":4}}]},"32":{"type":"branch","line":133,"loc":{"start":{"line":133,"column":14},"end":{"line":133,"column":21}},"locations":[{"start":{"line":133,"column":14},"end":{"line":133,"column":21}}]},"33":{"type":"branch","line":133,"loc":{"start":{"line":133,"column":14},"end":{"line":134,"column":47}},"locations":[{"start":{"line":133,"column":14},"end":{"line":134,"column":47}}]},"34":{"type":"branch","line":134,"loc":{"start":{"line":134,"column":47},"end":{"line":140,"column":5}},"locations":[{"start":{"line":134,"column":47},"end":{"line":140,"column":5}}]},"35":{"type":"branch","line":146,"loc":{"start":{"line":146,"column":2},"end":{"line":146,"column":21}},"locations":[{"start":{"line":146,"column":2},"end":{"line":146,"column":21}}]},"36":{"type":"branch","line":147,"loc":{"start":{"line":147,"column":2},"end":{"line":153,"column":3}},"locations":[{"start":{"line":147,"column":2},"end":{"line":153,"column":3}}]},"37":{"type":"branch","line":148,"loc":{"start":{"line":148,"column":18},"end":{"line":152,"column":19}},"locations":[{"start":{"line":148,"column":18},"end":{"line":152,"column":19}}]},"38":{"type":"branch","line":157,"loc":{"start":{"line":157,"column":2},"end":{"line":157,"column":22}},"locations":[{"start":{"line":157,"column":2},"end":{"line":157,"column":22}}]},"39":{"type":"branch","line":158,"loc":{"start":{"line":158,"column":2},"end":{"line":163,"column":3}},"locations":[{"start":{"line":158,"column":2},"end":{"line":163,"column":3}}]},"40":{"type":"branch","line":166,"loc":{"start":{"line":166,"column":12},"end":{"line":173,"column":1}},"locations":[{"start":{"line":166,"column":12},"end":{"line":173,"column":1}}]},"41":{"type":"branch","line":168,"loc":{"start":{"line":168,"column":21},"end":{"line":170,"column":3}},"locations":[{"start":{"line":168,"column":21},"end":{"line":170,"column":3}}]},"42":{"type":"branch","line":175,"loc":{"start":{"line":175,"column":31},"end":{"line":180,"column":1}},"locations":[{"start":{"line":175,"column":31},"end":{"line":180,"column":1}}]},"43":{"type":"branch","line":177,"loc":{"start":{"line":177,"column":24},"end":{"line":177,"column":49}},"locations":[{"start":{"line":177,"column":24},"end":{"line":177,"column":49}}]},"44":{"type":"branch","line":177,"loc":{"start":{"line":177,"column":49},"end":{"line":179,"column":19}},"locations":[{"start":{"line":177,"column":49},"end":{"line":179,"column":19}}]},"45":{"type":"branch","line":179,"loc":{"start":{"line":179,"column":10},"end":{"line":179,"column":32}},"locations":[{"start":{"line":179,"column":10},"end":{"line":179,"column":32}}]},"46":{"type":"branch","line":182,"loc":{"start":{"line":182,"column":50},"end":{"line":185,"column":1}},"locations":[{"start":{"line":182,"column":50},"end":{"line":185,"column":1}}]},"47":{"type":"branch","line":187,"loc":{"start":{"line":187,"column":12},"end":{"line":189,"column":1}},"locations":[{"start":{"line":187,"column":12},"end":{"line":189,"column":1}}]},"48":{"type":"branch","line":203,"loc":{"start":{"line":203,"column":13},"end":{"line":207,"column":39}},"locations":[{"start":{"line":203,"column":13},"end":{"line":207,"column":39}}]},"49":{"type":"branch","line":1,"loc":{"start":{"line":1,"column":0},"end":{"line":1,"column":24}},"locations":[{"start":{"line":1,"column":0},"end":{"line":1,"column":24}}]},"50":{"type":"branch","line":216,"loc":{"start":{"line":216,"column":8},"end":{"line":217,"column":23}},"locations":[{"start":{"line":216,"column":8},"end":{"line":217,"column":23}}]}},"b":{"0":[22],"1":[4],"2":[2],"3":[18],"4":[16],"5":[26],"6":[14],"7":[12],"8":[26],"9":[14],"10":[12],"11":[10],"12":[12],"13":[8],"14":[4],"15":[22],"16":[12],"17":[12],"18":[4],"19":[8],"20":[38],"21":[2],"22":[36],"23":[34],"24":[32],"25":[4],"26":[30],"27":[6],"28":[0],"29":[8],"30":[2],"31":[36],"32":[16],"33":[20],"34":[20],"35":[24],"36":[4],"37":[2],"38":[26],"39":[6],"40":[28],"41":[24],"42":[16],"43":[8],"44":[8],"45":[6],"46":[2],"47":[6],"48":[26],"49":[46],"50":[20]},"fnMap":{"0":{"name":"events.value.contextmenu","decl":{"start":{"line":74,"column":32},"end":{"line":77,"column":4}},"loc":{"start":{"line":74,"column":32},"end":{"line":77,"column":4}},"line":74},"1":{"name":"openFinal","decl":{"start":{"line":83,"column":0},"end":{"line":86,"column":1}},"loc":{"start":{"line":83,"column":0},"end":{"line":86,"column":1}},"line":83},"2":{"name":"closeFinal","decl":{"start":{"line":88,"column":0},"end":{"line":91,"column":1}},"loc":{"start":{"line":88,"column":0},"end":{"line":91,"column":1}},"line":88},"3":{"name":"togglePopper","decl":{"start":{"line":93,"column":0},"end":{"line":95,"column":1}},"loc":{"start":{"line":93,"column":0},"end":{"line":95,"column":1}},"line":93},"4":{"name":"setVisible","decl":{"start":{"line":97,"column":0},"end":{"line":101,"column":1}},"loc":{"start":{"line":97,"column":0},"end":{"line":101,"column":1}},"line":97},"5":{"name":"attachEvents","decl":{"start":{"line":103,"column":0},"end":{"line":107,"column":1}},"loc":{"start":{"line":103,"column":0},"end":{"line":107,"column":1}},"line":103},"6":{"name":"destroyPopperInstance","decl":{"start":{"line":111,"column":0},"end":{"line":114,"column":1}},"loc":{"start":{"line":111,"column":0},"end":{"line":114,"column":1}},"line":111},"7":{"name":"resetEvents","decl":{"start":{"line":116,"column":0},"end":{"line":122,"column":1}},"loc":{"start":{"line":116,"column":0},"end":{"line":122,"column":1}},"line":116},"8":{"name":"hide","decl":{"start":{"line":125,"column":38},"end":{"line":128,"column":2}},"loc":{"start":{"line":125,"column":38},"end":{"line":128,"column":2}},"line":125},"9":{"name":"__vite_ssr_import_3__.watch.flush","decl":{"start":{"line":132,"column":2},"end":{"line":141,"column":4}},"loc":{"start":{"line":132,"column":2},"end":{"line":141,"column":4}},"line":132}},"f":{"0":4,"1":22,"2":12,"3":12,"4":38,"5":34,"6":6,"7":8,"8":2,"9":36}}
,"E:\\play-element\\packages\\components\\Tooltip\\index.ts": {"path":"E:\\play-element\\packages\\components\\Tooltip\\index.ts","all":false,"statementMap":{"0":{"start":{"line":1,"column":0},"end":{"line":1,"column":50}},"1":{"start":{"line":2,"column":0},"end":{"line":2,"column":36}},"2":{"start":{"line":3,"column":0},"end":{"line":3,"column":83}},"3":{"start":{"line":4,"column":0},"end":{"line":4,"column":0}},"4":{"start":{"line":5,"column":0},"end":{"line":5,"column":46}}},"s":{"0":1,"1":1,"2":1,"3":1,"4":1},"branchMap":{},"b":{},"fnMap":{},"f":{}}
,"E:\\play-element\\packages\\components\\Tooltip\\useEventsToTiggerNode.ts": {"path":"E:\\play-element\\packages\\components\\Tooltip\\useEventsToTiggerNode.ts","all":false,"statementMap":{"0":{"start":{"line":1,"column":0},"end":{"line":1,"column":44}},"1":{"start":{"line":2,"column":0},"end":{"line":2,"column":52}},"2":{"start":{"line":3,"column":0},"end":{"line":3,"column":61}},"3":{"start":{"line":4,"column":0},"end":{"line":4,"column":44}},"4":{"start":{"line":5,"column":0},"end":{"line":5,"column":0}},"5":{"start":{"line":6,"column":0},"end":{"line":6,"column":38}},"6":{"start":{"line":7,"column":0},"end":{"line":7,"column":56}},"7":{"start":{"line":8,"column":0},"end":{"line":8,"column":52}},"8":{"start":{"line":9,"column":0},"end":{"line":9,"column":45}},"9":{"start":{"line":10,"column":0},"end":{"line":10,"column":25}},"10":{"start":{"line":11,"column":0},"end":{"line":11,"column":3}},"11":{"start":{"line":12,"column":0},"end":{"line":12,"column":52}},"12":{"start":{"line":13,"column":0},"end":{"line":13,"column":57}},"13":{"start":{"line":14,"column":0},"end":{"line":14,"column":0}},"14":{"start":{"line":15,"column":0},"end":{"line":15,"column":36}},"15":{"start":{"line":16,"column":0},"end":{"line":16,"column":0}},"16":{"start":{"line":17,"column":0},"end":{"line":17,"column":47}},"17":{"start":{"line":18,"column":0},"end":{"line":18,"column":33}},"18":{"start":{"line":19,"column":0},"end":{"line":19,"column":20}},"19":{"start":{"line":20,"column":0},"end":{"line":20,"column":41}},"20":{"start":{"line":21,"column":0},"end":{"line":21,"column":39}},"21":{"start":{"line":22,"column":0},"end":{"line":22,"column":69}},"22":{"start":{"line":23,"column":0},"end":{"line":23,"column":9}},"23":{"start":{"line":24,"column":0},"end":{"line":24,"column":4}},"24":{"start":{"line":25,"column":0},"end":{"line":25,"column":49}},"25":{"start":{"line":26,"column":0},"end":{"line":26,"column":33}},"26":{"start":{"line":27,"column":0},"end":{"line":27,"column":20}},"27":{"start":{"line":28,"column":0},"end":{"line":28,"column":11}},"28":{"start":{"line":29,"column":0},"end":{"line":29,"column":47}},"29":{"start":{"line":30,"column":0},"end":{"line":30,"column":16}},"30":{"start":{"line":31,"column":0},"end":{"line":31,"column":37}},"31":{"start":{"line":32,"column":0},"end":{"line":32,"column":64}},"32":{"start":{"line":33,"column":0},"end":{"line":33,"column":8}},"33":{"start":{"line":34,"column":0},"end":{"line":34,"column":4}},"34":{"start":{"line":35,"column":0},"end":{"line":35,"column":0}},"35":{"start":{"line":36,"column":0},"end":{"line":36,"column":19}},"36":{"start":{"line":37,"column":0},"end":{"line":37,"column":39}},"37":{"start":{"line":38,"column":0},"end":{"line":38,"column":18}},"38":{"start":{"line":39,"column":0},"end":{"line":39,"column":71}},"39":{"start":{"line":40,"column":0},"end":{"line":40,"column":25}},"40":{"start":{"line":41,"column":0},"end":{"line":41,"column":6}},"41":{"start":{"line":42,"column":0},"end":{"line":42,"column":0}},"42":{"start":{"line":43,"column":0},"end":{"line":43,"column":34}},"43":{"start":{"line":44,"column":0},"end":{"line":44,"column":13}},"44":{"start":{"line":45,"column":0},"end":{"line":45,"column":13}},"45":{"start":{"line":46,"column":0},"end":{"line":46,"column":45}},"46":{"start":{"line":47,"column":0},"end":{"line":47,"column":42}},"47":{"start":{"line":48,"column":0},"end":{"line":48,"column":40}},"48":{"start":{"line":49,"column":0},"end":{"line":49,"column":22}},"49":{"start":{"line":50,"column":0},"end":{"line":50,"column":8}},"50":{"start":{"line":51,"column":0},"end":{"line":51,"column":20}},"51":{"start":{"line":52,"column":0},"end":{"line":52,"column":6}},"52":{"start":{"line":53,"column":0},"end":{"line":53,"column":5}},"53":{"start":{"line":54,"column":0},"end":{"line":54,"column":0}},"54":{"start":{"line":55,"column":0},"end":{"line":55,"column":21}},"55":{"start":{"line":56,"column":0},"end":{"line":56,"column":35}},"56":{"start":{"line":57,"column":0},"end":{"line":57,"column":30}},"57":{"start":{"line":58,"column":0},"end":{"line":58,"column":5}},"58":{"start":{"line":59,"column":0},"end":{"line":59,"column":1}},"59":{"start":{"line":60,"column":0},"end":{"line":60,"column":0}},"60":{"start":{"line":61,"column":0},"end":{"line":61,"column":37}}},"s":{"0":1,"1":1,"2":1,"3":1,"4":1,"5":1,"6":20,"7":20,"8":20,"9":20,"10":20,"11":20,"12":20,"13":20,"14":20,"15":20,"16":20,"17":6,"18":6,"19":4,"20":4,"21":4,"22":4,"23":6,"24":20,"25":2,"26":2,"27":2,"28":2,"29":2,"30":4,"31":2,"32":2,"33":2,"34":20,"35":20,"36":20,"37":20,"38":20,"39":20,"40":20,"41":20,"42":20,"43":20,"44":20,"45":8,"46":2,"47":2,"48":2,"49":8,"50":20,"51":20,"52":20,"53":20,"54":20,"55":6,"56":6,"57":20,"58":20,"59":1,"60":1},"branchMap":{"0":{"type":"branch","line":6,"loc":{"start":{"line":6,"column":7},"end":{"line":59,"column":1}},"locations":[{"start":{"line":6,"column":7},"end":{"line":59,"column":1}}]},"1":{"type":"branch","line":17,"loc":{"start":{"line":17,"column":40},"end":{"line":24,"column":4}},"locations":[{"start":{"line":17,"column":40},"end":{"line":24,"column":4}}]},"2":{"type":"branch","line":19,"loc":{"start":{"line":19,"column":16},"end":{"line":23,"column":9}},"locations":[{"start":{"line":19,"column":16},"end":{"line":23,"column":9}}]},"3":{"type":"branch","line":20,"loc":{"start":{"line":20,"column":25},"end":{"line":23,"column":7}},"locations":[{"start":{"line":20,"column":25},"end":{"line":23,"column":7}}]},"4":{"type":"branch","line":25,"loc":{"start":{"line":25,"column":42},"end":{"line":34,"column":4}},"locations":[{"start":{"line":25,"column":42},"end":{"line":34,"column":4}}]},"5":{"type":"branch","line":30,"loc":{"start":{"line":30,"column":8},"end":{"line":32,"column":64}},"locations":[{"start":{"line":30,"column":8},"end":{"line":32,"column":64}}]},"6":{"type":"branch","line":31,"loc":{"start":{"line":31,"column":33},"end":{"line":32,"column":64}},"locations":[{"start":{"line":31,"column":33},"end":{"line":32,"column":64}}]},"7":{"type":"branch","line":36,"loc":{"start":{"line":36,"column":12},"end":{"line":53,"column":3}},"locations":[{"start":{"line":36,"column":12},"end":{"line":53,"column":3}}]},"8":{"type":"branch","line":39,"loc":{"start":{"line":39,"column":6},"end":{"line":39,"column":71}},"locations":[{"start":{"line":39,"column":6},"end":{"line":39,"column":71}}]},"9":{"type":"branch","line":39,"loc":{"start":{"line":39,"column":18},"end":{"line":39,"column":71}},"locations":[{"start":{"line":39,"column":18},"end":{"line":39,"column":71}}]},"10":{"type":"branch","line":45,"loc":{"start":{"line":45,"column":6},"end":{"line":50,"column":8}},"locations":[{"start":{"line":45,"column":6},"end":{"line":50,"column":8}}]},"11":{"type":"branch","line":46,"loc":{"start":{"line":46,"column":38},"end":{"line":46,"column":45}},"locations":[{"start":{"line":46,"column":38},"end":{"line":46,"column":45}}]},"12":{"type":"branch","line":46,"loc":{"start":{"line":46,"column":38},"end":{"line":49,"column":22}},"locations":[{"start":{"line":46,"column":38},"end":{"line":49,"column":22}}]},"13":{"type":"branch","line":55,"loc":{"start":{"line":55,"column":14},"end":{"line":58,"column":3}},"locations":[{"start":{"line":55,"column":14},"end":{"line":58,"column":3}}]}},"b":{"0":[20],"1":[6],"2":[4],"3":[4],"4":[2],"5":[4],"6":[2],"7":[20],"8":[22],"9":[4],"10":[8],"11":[6],"12":[2],"13":[6]},"fnMap":{"0":{"name":"useEvenstToTiggerNode","decl":{"start":{"line":6,"column":7},"end":{"line":59,"column":1}},"loc":{"start":{"line":6,"column":7},"end":{"line":59,"column":1}},"line":6},"1":{"name":"_bindEventToVirtualTiggerNode","decl":{"start":{"line":17,"column":40},"end":{"line":24,"column":4}},"loc":{"start":{"line":17,"column":40},"end":{"line":24,"column":4}},"line":17},"2":{"name":"_unbindEventToVirtualTiggerNode","decl":{"start":{"line":25,"column":42},"end":{"line":34,"column":4}},"loc":{"start":{"line":25,"column":42},"end":{"line":34,"column":4}},"line":25},"3":{"name":"__vite_ssr_import_1__.watch.immediate","decl":{"start":{"line":39,"column":6},"end":{"line":39,"column":71}},"loc":{"start":{"line":39,"column":6},"end":{"line":39,"column":71}},"line":39},"4":{"name":"__vite_ssr_import_1__.watch.deep","decl":{"start":{"line":45,"column":6},"end":{"line":50,"column":8}},"loc":{"start":{"line":45,"column":6},"end":{"line":50,"column":8}},"line":45}},"f":{"0":20,"1":6,"2":2,"3":22,"4":8}}
}
